{"numTotalTestSuites":80,"numPassedTestSuites":73,"numFailedTestSuites":7,"numPendingTestSuites":0,"numTotalTests":158,"numPassedTests":154,"numFailedTests":4,"numPendingTests":0,"numTodoTests":0,"snapshot":{"added":0,"failure":false,"filesAdded":0,"filesRemoved":0,"filesRemovedList":[],"filesUnmatched":0,"filesUpdated":0,"matched":0,"total":0,"unchecked":0,"uncheckedKeysByFile":[],"unmatched":0,"updated":0,"didUpdate":false},"startTime":1774783835539,"success":false,"testResults":[{"assertionResults":[{"ancestorTitles":["AcordoDetailsModal"],"fullName":"AcordoDetailsModal n├úo deve renderizar se isOpen for falso","status":"passed","title":"n├úo deve renderizar se isOpen for falso","duration":53.55729999999994,"failureMessages":[],"meta":{},"tags":[]},{"ancestorTitles":["AcordoDetailsModal"],"fullName":"AcordoDetailsModal deve renderizar os detalhes corretamente","status":"passed","title":"deve renderizar os detalhes corretamente","duration":79.52700000000004,"failureMessages":[],"meta":{},"tags":[]},{"ancestorTitles":["AcordoDetailsModal"],"fullName":"AcordoDetailsModal deve chamar onClose ao clicar no bot├úo fechar ou fora do modal","status":"passed","title":"deve chamar onClose ao clicar no bot├úo fechar ou fora do modal","duration":33.197799999999916,"failureMessages":[],"meta":{},"tags":[]},{"ancestorTitles":["AcordoDetailsModal"],"fullName":"AcordoDetailsModal deve exibir badge de estado e hor├írios corretamente","status":"passed","title":"deve exibir badge de estado e hor├írios corretamente","duration":30.671600000000126,"failureMessages":[],"meta":{},"tags":[]},{"ancestorTitles":["AcordoDetailsModal"],"fullName":"AcordoDetailsModal se Motorista e Pendente, deve exibir bot├Áes de Aceitar e Recusar","status":"passed","title":"se Motorista e Pendente, deve exibir bot├Áes de Aceitar e Recusar","duration":22.959299999999985,"failureMessages":[],"meta":{},"tags":[]}],"startTime":1774783843555,"endTime":1774783843774.9592,"status":"passed","message":"","name":"C:/boleia-certa/src/components/AcordoDetailsModal.test.jsx"},{"assertionResults":[{"ancestorTitles":["AutocompleteDropdown"],"fullName":"AutocompleteDropdown renders loading state correctly","status":"passed","title":"renders loading state correctly","duration":40.77230000000009,"failureMessages":[],"meta":{},"tags":[]},{"ancestorTitles":["AutocompleteDropdown"],"fullName":"AutocompleteDropdown renders error state correctly","status":"passed","title":"renders error state correctly","duration":14.521000000000186,"failureMessages":[],"meta":{},"tags":[]},{"ancestorTitles":["AutocompleteDropdown"],"fullName":"AutocompleteDropdown renders null when there are no suggestions","status":"passed","title":"renders null when there are no suggestions","duration":2.889499999999771,"failureMessages":[],"meta":{},"tags":[]},{"ancestorTitles":["AutocompleteDropdown"],"fullName":"AutocompleteDropdown renders suggestions list correctly","status":"passed","title":"renders suggestions list correctly","duration":12.18309999999974,"failureMessages":[],"meta":{},"tags":[]},{"ancestorTitles":["AutocompleteDropdown"],"fullName":"AutocompleteDropdown calls onSelect when a suggestion is clicked","status":"passed","title":"calls onSelect when a suggestion is clicked","duration":16.842099999999846,"failureMessages":[],"meta":{},"tags":[]}],"startTime":1774783846783,"endTime":1774783846870.842,"status":"passed","message":"","name":"C:/boleia-certa/src/components/AutocompleteDropdown.test.jsx"},{"assertionResults":[{"ancestorTitles":["ProtectedRoute"],"fullName":"ProtectedRoute deve redirecionar para /auth quando n├úo h├í sess├úo ativa","status":"passed","title":"deve redirecionar para /auth quando n├úo h├í sess├úo ativa","duration":98.15729999999985,"failureMessages":[],"meta":{},"tags":[]},{"ancestorTitles":["ProtectedRoute"],"fullName":"ProtectedRoute deve redirecionar para /motorista quando um Motorista tenta aceder a uma rota de Passageiro","status":"passed","title":"deve redirecionar para /motorista quando um Motorista tenta aceder a uma rota de Passageiro","duration":44.7157000000002,"failureMessages":[],"meta":{},"tags":[]},{"ancestorTitles":["ProtectedRoute"],"fullName":"ProtectedRoute deve redirecionar para /passageiro quando um Passageiro tenta aceder a uma rota de Motorista","status":"passed","title":"deve redirecionar para /passageiro quando um Passageiro tenta aceder a uma rota de Motorista","duration":15.86790000000019,"failureMessages":[],"meta":{},"tags":[]},{"ancestorTitles":["ProtectedRoute"],"fullName":"ProtectedRoute deve renderizar o conte├║do quando o utilizador tem o role correto","status":"passed","title":"deve renderizar o conte├║do quando o utilizador tem o role correto","duration":24.51299999999992,"failureMessages":[],"meta":{},"tags":[]},{"ancestorTitles":["ProtectedRoute"],"fullName":"ProtectedRoute deve renderizar o conte├║do quando n├úo h├í allowedRole definida (rota gen├®rica protegida)","status":"passed","title":"deve renderizar o conte├║do quando n├úo h├í allowedRole definida (rota gen├®rica protegida)","duration":21.652500000000146,"failureMessages":[],"meta":{},"tags":[]}],"startTime":1774783845795,"endTime":1774783846000.6526,"status":"passed","message":"","name":"C:/boleia-certa/src/components/ProtectedRoute.test.jsx"},{"assertionResults":[{"ancestorTitles":["ThemeToggle"],"fullName":"ThemeToggle renders moon icon when theme is light","status":"passed","title":"renders moon icon when theme is light","duration":30.422000000000025,"failureMessages":[],"meta":{},"tags":[]},{"ancestorTitles":["ThemeToggle"],"fullName":"ThemeToggle renders sun icon when theme is dark","status":"passed","title":"renders sun icon when theme is dark","duration":5.329600000000028,"failureMessages":[],"meta":{},"tags":[]},{"ancestorTitles":["ThemeToggle"],"fullName":"ThemeToggle calls toggleTheme when clicked","status":"passed","title":"calls toggleTheme when clicked","duration":25.761199999999917,"failureMessages":[],"meta":{},"tags":[]}],"startTime":1774783847488,"endTime":1774783847549.7612,"status":"passed","message":"","name":"C:/boleia-certa/src/components/ThemeToggle.test.jsx"},{"assertionResults":[{"ancestorTitles":["AuthContext"],"fullName":"AuthContext Estado inicial loading=true antes da sess├úo ser resolvida","status":"passed","title":"Estado inicial loading=true antes da sess├úo ser resolvida","duration":50.221100000000206,"failureMessages":[],"meta":{},"tags":[]},{"ancestorTitles":["AuthContext"],"fullName":"AuthContext user=null quando n├úo h├í sess├úo activa","status":"passed","title":"user=null quando n├úo h├í sess├úo activa","duration":28.640300000000025,"failureMessages":[],"meta":{},"tags":[]},{"ancestorTitles":["AuthContext"],"fullName":"AuthContext user e tipoPerfil correctos quando h├í sess├úo activa","status":"passed","title":"user e tipoPerfil correctos quando h├í sess├úo activa","duration":12.066100000000006,"failureMessages":[],"meta":{},"tags":[]},{"ancestorTitles":["AuthContext"],"fullName":"AuthContext onAuthStateChange actualiza o user ao disparar SIGNED_IN","status":"passed","title":"onAuthStateChange actualiza o user ao disparar SIGNED_IN","duration":21.485299999999825,"failureMessages":[],"meta":{},"tags":[]},{"ancestorTitles":["AuthContext"],"fullName":"AuthContext unsubscribe chamado ao desmontar o AuthProvider","status":"passed","title":"unsubscribe chamado ao desmontar o AuthProvider","duration":13.472899999999754,"failureMessages":[],"meta":{},"tags":[]},{"ancestorTitles":["AuthContext"],"fullName":"AuthContext useAuth() fora do provider lan├ºa erro com mensagem clara","status":"passed","title":"useAuth() fora do provider lan├ºa erro com mensagem clara","duration":10.074400000000423,"failureMessages":[],"meta":{},"tags":[]}],"startTime":1774783844583,"endTime":1774783844719.0745,"status":"passed","message":"","name":"C:/boleia-certa/src/contexts/AuthContext.test.jsx"},{"assertionResults":[{"ancestorTitles":["ThemeContext"],"fullName":"ThemeContext provides light theme by default if no localStorage or system preference","status":"passed","title":"provides light theme by default if no localStorage or system preference","duration":52.478399999999965,"failureMessages":[],"meta":{},"tags":[]},{"ancestorTitles":["ThemeContext"],"fullName":"ThemeContext respects system dark mode preference if no localStorage","status":"passed","title":"respects system dark mode preference if no localStorage","duration":8.804699999999684,"failureMessages":[],"meta":{},"tags":[]},{"ancestorTitles":["ThemeContext"],"fullName":"ThemeContext respects localStorage preference over system preference","status":"passed","title":"respects localStorage preference over system preference","duration":6.500599999999849,"failureMessages":[],"meta":{},"tags":[]},{"ancestorTitles":["ThemeContext"],"fullName":"ThemeContext toggles theme correctly and updates document/localStorage","status":"passed","title":"toggles theme correctly and updates document/localStorage","duration":21.52390000000014,"failureMessages":[],"meta":{},"tags":[]},{"ancestorTitles":["ThemeContext"],"fullName":"ThemeContext throws error if useTheme is used outside provider","status":"passed","title":"throws error if useTheme is used outside provider","duration":11.907799999999952,"failureMessages":[],"meta":{},"tags":[]}],"startTime":1774783846626,"endTime":1774783846727.9077,"status":"passed","message":"","name":"C:/boleia-certa/src/contexts/ThemeContext.test.jsx"},{"assertionResults":[{"ancestorTitles":["Layout Component"],"fullName":"Layout Component renderiza o conte├║do filho (Outlet) e o bot├úo de Logout","status":"passed","title":"renderiza o conte├║do filho (Outlet) e o bot├úo de Logout","duration":138.5248999999999,"failureMessages":[],"meta":{},"tags":[]},{"ancestorTitles":["Layout Component"],"fullName":"Layout Component mostra navega├º├úo de Passageiro (In├¡cio, Acordos, Faltas, Perfil) quando tipo_perfil ├® Passageiro","status":"passed","title":"mostra navega├º├úo de Passageiro (In├¡cio, Acordos, Faltas, Perfil) quando tipo_perfil ├® Passageiro","duration":41.722099999999955,"failureMessages":[],"meta":{},"tags":[]},{"ancestorTitles":["Layout Component"],"fullName":"Layout Component mostra navega├º├úo de Motorista (In├¡cio, Ve├¡culo, Acordos, Faltas, Perfil) quando tipo_perfil ├® Motorista","status":"passed","title":"mostra navega├º├úo de Motorista (In├¡cio, Ve├¡culo, Acordos, Faltas, Perfil) quando tipo_perfil ├® Motorista","duration":45.07729999999992,"failureMessages":[],"meta":{},"tags":[]},{"ancestorTitles":["Layout Component"],"fullName":"Layout Component mostra a navega├º├úo de Passageiro por defeito quando n├úo h├í sess├úo","status":"passed","title":"mostra a navega├º├úo de Passageiro por defeito quando n├úo h├í sess├úo","duration":38.48980000000029,"failureMessages":[],"meta":{},"tags":[]}],"startTime":1774783839636,"endTime":1774783839899.4897,"status":"passed","message":"","name":"C:/boleia-certa/src/layouts/Layout.test.jsx"},{"assertionResults":[{"ancestorTitles":["useNotifications"],"fullName":"useNotifications fetches notifications on mount","status":"passed","title":"fetches notifications on mount","duration":58.798499999999876,"failureMessages":[],"meta":{},"tags":[]},{"ancestorTitles":["useNotifications"],"fullName":"useNotifications marks a notification as read","status":"passed","title":"marks a notification as read","duration":25.86929999999984,"failureMessages":[],"meta":{},"tags":[]}],"startTime":1774783847059,"endTime":1774783847143.8694,"status":"passed","message":"","name":"C:/boleia-certa/src/hooks/useNotifications.test.js"},{"assertionResults":[{"ancestorTitles":["urlB64ToUint8Array"],"fullName":"urlB64ToUint8Array correctly converts base64url string to Uint8Array","status":"passed","title":"correctly converts base64url string to Uint8Array","duration":3.5913000000000466,"failureMessages":[],"meta":{},"tags":[]},{"ancestorTitles":["urlB64ToUint8Array"],"fullName":"urlB64ToUint8Array handles padding correctly","status":"passed","title":"handles padding correctly","duration":0.4954999999999927,"failureMessages":[],"meta":{},"tags":[]}],"startTime":1774783849427,"endTime":1774783849431.4956,"status":"passed","message":"","name":"C:/boleia-certa/src/hooks/usePushNotifications.test.js"},{"assertionResults":[{"ancestorTitles":["AbsenceTracker Component","Integra├º├úo e Listagem Inicial"],"fullName":"AbsenceTracker Component Integra├º├úo e Listagem Inicial chama getAbsences do AbsenceService","status":"passed","title":"chama getAbsences do AbsenceService","duration":80.71089999999958,"failureMessages":[],"meta":{},"tags":[]},{"ancestorTitles":["AbsenceTracker Component","Integra├º├úo e Listagem Inicial"],"fullName":"AbsenceTracker Component Integra├º├úo e Listagem Inicial exibe a mensagem de estado vazio quando n├úo h├í faltas","status":"passed","title":"exibe a mensagem de estado vazio quando n├úo h├í faltas","duration":19.76339999999982,"failureMessages":[],"meta":{},"tags":[]},{"ancestorTitles":["AbsenceTracker Component","Integra├º├úo e Listagem Inicial"],"fullName":"AbsenceTracker Component Integra├º├úo e Listagem Inicial exibe o bot├úo Registar Falta","status":"passed","title":"exibe o bot├úo Registar Falta","duration":65.41090000000031,"failureMessages":[],"meta":{},"tags":[]},{"ancestorTitles":["AbsenceTracker Component","Listagem de Faltas"],"fullName":"AbsenceTracker Component Listagem de Faltas mostra a data da falta","status":"passed","title":"mostra a data da falta","duration":19.2179000000001,"failureMessages":[],"meta":{},"tags":[]},{"ancestorTitles":["AbsenceTracker Component","Listagem de Faltas"],"fullName":"AbsenceTracker Component Listagem de Faltas mostra o tipo da falta (Passageiro/Motorista)","status":"passed","title":"mostra o tipo da falta (Passageiro/Motorista)","duration":30.446799999999712,"failureMessages":[],"meta":{},"tags":[]},{"ancestorTitles":["AbsenceTracker Component","Listagem de Faltas"],"fullName":"AbsenceTracker Component Listagem de Faltas mostra o valor de desconto_kz da falta","status":"passed","title":"mostra o valor de desconto_kz da falta","duration":17.638100000000122,"failureMessages":[],"meta":{},"tags":[]},{"ancestorTitles":["AbsenceTracker Component","Card de Resumo (Descontos)"],"fullName":"AbsenceTracker Component Card de Resumo (Descontos) exibe 0 Kz no total se n├úo houver faltas","status":"passed","title":"exibe 0 Kz no total se n├úo houver faltas","duration":15.544199999999819,"failureMessages":[],"meta":{},"tags":[]},{"ancestorTitles":["AbsenceTracker Component","Card de Resumo (Descontos)"],"fullName":"AbsenceTracker Component Card de Resumo (Descontos) soma e exibe o desconto_kz total para m├║ltiplas faltas","status":"passed","title":"soma e exibe o desconto_kz total para m├║ltiplas faltas","duration":31.079799999999977,"failureMessages":[],"meta":{},"tags":[]},{"ancestorTitles":["AbsenceTracker Component","Modal de Registo de Falta"],"fullName":"AbsenceTracker Component Modal de Registo de Falta o modal est├í oculto por defeito","status":"passed","title":"o modal est├í oculto por defeito","duration":19.17029999999977,"failureMessages":[],"meta":{},"tags":[]},{"ancestorTitles":["AbsenceTracker Component","Modal de Registo de Falta"],"fullName":"AbsenceTracker Component Modal de Registo de Falta abre o modal ao clicar em Registar Falta","status":"passed","title":"abre o modal ao clicar em Registar Falta","duration":49.46109999999999,"failureMessages":[],"meta":{},"tags":[]},{"ancestorTitles":["AbsenceTracker Component","Modal de Registo de Falta"],"fullName":"AbsenceTracker Component Modal de Registo de Falta tem campos para: Data, Tipo (select Passageiro/Motorista), Observa├º├úo","status":"passed","title":"tem campos para: Data, Tipo (select Passageiro/Motorista), Observa├º├úo","duration":80.96939999999995,"failureMessages":[],"meta":{},"tags":[]}],"startTime":1774783839291,"endTime":1774783839721.9695,"status":"passed","message":"","name":"C:/boleia-certa/src/pages/AbsenceTracker.test.jsx"},{"assertionResults":[{"ancestorTitles":["Acordos E2E - Driver Flow"],"fullName":"Acordos E2E - Driver Flow completes the agreement acceptance flow for a driver","status":"passed","title":"completes the agreement acceptance flow for a driver","duration":219.28830000000016,"failureMessages":[],"meta":{},"tags":[]}],"startTime":1774783843909,"endTime":1774783844128.2883,"status":"passed","message":"","name":"C:/boleia-certa/src/pages/AgreementsE2E.test.jsx"},{"assertionResults":[{"ancestorTitles":["Auth Component"],"fullName":"Auth Component renders correctly in Login mode by default","status":"passed","title":"renders correctly in Login mode by default","duration":152.51710000000003,"failureMessages":[],"meta":{},"tags":[]},{"ancestorTitles":["Auth Component"],"fullName":"Auth Component N├âO renderiza o Toggle de Perfil em modo Login","status":"passed","title":"N├âO renderiza o Toggle de Perfil em modo Login","duration":21.055399999999736,"failureMessages":[],"meta":{},"tags":[]},{"ancestorTitles":["Auth Component"],"fullName":"Auth Component N├âO renderiza campos Nome e Telefone em modo Login","status":"passed","title":"N├âO renderiza campos Nome e Telefone em modo Login","duration":9.517299999999977,"failureMessages":[],"meta":{},"tags":[]},{"ancestorTitles":["Auth Component"],"fullName":"Auth Component renderiza o Toggle de Perfil, Nome e Telefone em modo Criar Conta","status":"passed","title":"renderiza o Toggle de Perfil, Nome e Telefone em modo Criar Conta","duration":77.79570000000012,"failureMessages":[],"meta":{},"tags":[]},{"ancestorTitles":["Auth Component"],"fullName":"Auth Component can toggle between Login and Registo modes","status":"passed","title":"can toggle between Login and Registo modes","duration":69.45090000000027,"failureMessages":[],"meta":{},"tags":[]},{"ancestorTitles":["Auth Component"],"fullName":"Auth Component can select different profile types in Criar Conta mode","status":"passed","title":"can select different profile types in Criar Conta mode","duration":69.76980000000003,"failureMessages":[],"meta":{},"tags":[]},{"ancestorTitles":["Auth Component"],"fullName":"Auth Component chama signUp com o payload correto (tipo_perfil, nome_completo, telefone) ao submeter em modo Criar Conta","status":"passed","title":"chama signUp com o payload correto (tipo_perfil, nome_completo, telefone) ao submeter em modo Criar Conta","duration":142.69569999999976,"failureMessages":[],"meta":{},"tags":[]},{"ancestorTitles":["Auth Component"],"fullName":"Auth Component chama signUp com tipo_perfil Motorista quando o toggle Motorista est├í selecionado","status":"passed","title":"chama signUp com tipo_perfil Motorista quando o toggle Motorista est├í selecionado","duration":107.53619999999955,"failureMessages":[],"meta":{},"tags":[]},{"ancestorTitles":["Auth Component"],"fullName":"Auth Component chama signInWithPassword com email e password ao submeter em modo Entrar","status":"passed","title":"chama signInWithPassword com email e password ao submeter em modo Entrar","duration":73.27409999999963,"failureMessages":[],"meta":{},"tags":[]},{"ancestorTitles":["Auth Component"],"fullName":"Auth Component ap├│s login bem-sucedido como Motorista, redireciona para a rota apropriada","status":"passed","title":"ap├│s login bem-sucedido como Motorista, redireciona para a rota apropriada","duration":1109.0532999999996,"failureMessages":[],"meta":{},"tags":[]},{"ancestorTitles":["Auth Component"],"fullName":"Auth Component ap├│s login bem-sucedido como Passageiro, redireciona para a rota principal","status":"passed","title":"ap├│s login bem-sucedido como Passageiro, redireciona para a rota principal","duration":1099.3027000000002,"failureMessages":[],"meta":{},"tags":[]}],"startTime":1774783839112,"endTime":1774783842044.3027,"status":"passed","message":"","name":"C:/boleia-certa/src/pages/Auth.test.jsx"},{"assertionResults":[{"ancestorTitles":["Auth Validation Fix Verification"],"fullName":"Auth Validation Fix Verification impede o registo com n├║mero de telefone inv├ílido e mostra erro inline","status":"passed","title":"impede o registo com n├║mero de telefone inv├ílido e mostra erro inline","duration":216.13329999999996,"failureMessages":[],"meta":{},"tags":[]},{"ancestorTitles":["Auth Validation Fix Verification"],"fullName":"Auth Validation Fix Verification permite o registo com n├║mero de telefone v├ílido: 923456789","status":"passed","title":"permite o registo com n├║mero de telefone v├ílido: 923456789","duration":100.1207000000004,"failureMessages":[],"meta":{},"tags":[]},{"ancestorTitles":["Auth Validation Fix Verification"],"fullName":"Auth Validation Fix Verification permite o registo com n├║mero de telefone v├ílido: +244 923 456 789","status":"passed","title":"permite o registo com n├║mero de telefone v├ílido: +244 923 456 789","duration":80.29439999999977,"failureMessages":[],"meta":{},"tags":[]}],"startTime":1774783839108,"endTime":1774783839504.2944,"status":"passed","message":"","name":"C:/boleia-certa/src/pages/AuthValidation.test.jsx"},{"assertionResults":[{"ancestorTitles":["DriverDashboard Component","Call To Action de Ve├¡culo"],"fullName":"DriverDashboard Component Call To Action de Ve├¡culo renderiza o CTA se o utilizador n├úo tiver ve├¡culo","status":"passed","title":"renderiza o CTA se o utilizador n├úo tiver ve├¡culo","duration":101.88419999999996,"failureMessages":[],"meta":{},"tags":[]},{"ancestorTitles":["DriverDashboard Component","Call To Action de Ve├¡culo"],"fullName":"DriverDashboard Component Call To Action de Ve├¡culo navega para /veiculo ao clicar no bot├úo do CTA","status":"passed","title":"navega para /veiculo ao clicar no bot├úo do CTA","duration":35.342499999999745,"failureMessages":[],"meta":{},"tags":[]},{"ancestorTitles":["DriverDashboard Component","Call To Action de Ve├¡culo"],"fullName":"DriverDashboard Component Call To Action de Ve├¡culo n├úo renderiza o CTA se o utilizador j├í tiver ve├¡culo","status":"passed","title":"n├úo renderiza o CTA se o utilizador j├í tiver ve├¡culo","duration":12.084999999999582,"failureMessages":[],"meta":{},"tags":[]},{"ancestorTitles":["DriverDashboard Component","Exibi├º├úo da Rota Di├íria"],"fullName":"DriverDashboard Component Exibi├º├úo da Rota Di├íria renderiza os dados da rota quando estes existem","status":"passed","title":"renderiza os dados da rota quando estes existem","duration":61.36709999999994,"failureMessages":[],"meta":{},"tags":[]},{"ancestorTitles":["DriverDashboard Component","Exibi├º├úo da Rota Di├íria"],"fullName":"DriverDashboard Component Exibi├º├úo da Rota Di├íria exibe mensagem e bot├úo na ├írea da rota quando n├úo h├í rota","status":"passed","title":"exibe mensagem e bot├úo na ├írea da rota quando n├úo h├í rota","duration":16.316499999999905,"failureMessages":[],"meta":{},"tags":[]},{"ancestorTitles":["DriverDashboard Component","Navega├º├úo"],"fullName":"DriverDashboard Component Navega├º├úo navega para /publicar-trajeto ao clicar em Publicar Trajeto","status":"passed","title":"navega para /publicar-trajeto ao clicar em Publicar Trajeto","duration":12.14280000000008,"failureMessages":[],"meta":{},"tags":[]}],"startTime":1774783843454,"endTime":1774783843694.1428,"status":"passed","message":"","name":"C:/boleia-certa/src/pages/DriverDashboard.test.jsx"},{"assertionResults":[{"ancestorTitles":["LandingPage Component"],"fullName":"LandingPage Component renders Hero text correctly","status":"passed","title":"renders Hero text correctly","duration":126.2451000000001,"failureMessages":[],"meta":{},"tags":[]},{"ancestorTitles":["LandingPage Component"],"fullName":"LandingPage Component navigates to /auth?role=passenger when clicking \"Sou Passageiro\"","status":"passed","title":"navigates to /auth?role=passenger when clicking \"Sou Passageiro\"","duration":49.71469999999999,"failureMessages":[],"meta":{},"tags":[]},{"ancestorTitles":["LandingPage Component"],"fullName":"LandingPage Component navigates to /auth?role=driver when clicking \"Sou Motorista\"","status":"passed","title":"navigates to /auth?role=driver when clicking \"Sou Motorista\"","duration":51.32250000000022,"failureMessages":[],"meta":{},"tags":[]}],"startTime":1774783844226,"endTime":1774783844453.3225,"status":"passed","message":"","name":"C:/boleia-certa/src/pages/LandingPage.test.jsx"},{"assertionResults":[{"ancestorTitles":["P├ígina MyAgreements","Renderiza├º├úo Comum"],"fullName":"P├ígina MyAgreements Renderiza├º├úo Comum renderiza o componente sem erros","status":"passed","title":"renderiza o componente sem erros","duration":97.94270000000006,"failureMessages":[],"meta":{},"tags":[]},{"ancestorTitles":["P├ígina MyAgreements","Renderiza├º├úo Comum"],"fullName":"P├ígina MyAgreements Renderiza├º├úo Comum exibe t├¡tulo \"Meus Acordos\" quando Passageiro","status":"passed","title":"exibe t├¡tulo \"Meus Acordos\" quando Passageiro","duration":15.497000000000298,"failureMessages":[],"meta":{},"tags":[]},{"ancestorTitles":["P├ígina MyAgreements","Vis├úo de Passageiro"],"fullName":"P├ígina MyAgreements Vis├úo de Passageiro exibe badge PENDENTE e bot├úo \"Aguardando Confirma├º├úo\" para acordo pendente","status":"passed","title":"exibe badge PENDENTE e bot├úo \"Aguardando Confirma├º├úo\" para acordo pendente","duration":60.28610000000026,"failureMessages":[],"meta":{},"tags":[]},{"ancestorTitles":["P├ígina MyAgreements","Vis├úo de Passageiro"],"fullName":"P├ígina MyAgreements Vis├úo de Passageiro exibe badge ATIVO e bot├úo \"Ver Detalhes\" para acordo ativo","status":"passed","title":"exibe badge ATIVO e bot├úo \"Ver Detalhes\" para acordo ativo","duration":29.452699999999822,"failureMessages":[],"meta":{},"tags":[]},{"ancestorTitles":["P├ígina MyAgreements","Vis├úo de Passageiro"],"fullName":"P├ígina MyAgreements Vis├úo de Passageiro renderiza o FAB de \"Pedir Boleia\" apenas para Passageiros","status":"passed","title":"renderiza o FAB de \"Pedir Boleia\" apenas para Passageiros","duration":14.261200000000827,"failureMessages":[],"meta":{},"tags":[]},{"ancestorTitles":["P├ígina MyAgreements","Vis├úo de Passageiro"],"fullName":"P├ígina MyAgreements Vis├úo de Passageiro N├âO renderiza bot├Áes de Aceitar/Rejeitar para Passageiro","status":"passed","title":"N├âO renderiza bot├Áes de Aceitar/Rejeitar para Passageiro","duration":24.017100000000028,"failureMessages":[],"meta":{},"tags":[]},{"ancestorTitles":["P├ígina MyAgreements","Vis├úo de Passageiro"],"fullName":"P├ígina MyAgreements Vis├úo de Passageiro exibe origem e destino da rota no cart├úo","status":"passed","title":"exibe origem e destino da rota no cart├úo","duration":50.96049999999923,"failureMessages":[],"meta":{},"tags":[]},{"ancestorTitles":["P├ígina MyAgreements","Vis├úo de Passageiro"],"fullName":"P├ígina MyAgreements Vis├úo de Passageiro exibe mensagem de estado vazio quando n├úo h├í acordos","status":"passed","title":"exibe mensagem de estado vazio quando n├úo h├í acordos","duration":25.09180000000015,"failureMessages":[],"meta":{},"tags":[]},{"ancestorTitles":["P├ígina MyAgreements","Vis├úo de Passageiro"],"fullName":"P├ígina MyAgreements Vis├úo de Passageiro filtra e n├úo exibe acordos com is_hidden_by_user true","status":"passed","title":"filtra e n├úo exibe acordos com is_hidden_by_user true","duration":34.560199999999895,"failureMessages":[],"meta":{},"tags":[]},{"ancestorTitles":["P├ígina MyAgreements","Vis├úo de Passageiro"],"fullName":"P├ígina MyAgreements Vis├úo de Passageiro exibe cart├úo com data-testid=\"agreement-card\" por cada acordo","status":"passed","title":"exibe cart├úo com data-testid=\"agreement-card\" por cada acordo","duration":28.676499999999578,"failureMessages":[],"meta":{},"tags":[]},{"ancestorTitles":["P├ígina MyAgreements","Vis├úo de Motorista"],"fullName":"P├ígina MyAgreements Vis├úo de Motorista exibe t├¡tulo \"Pedidos de Passageiros\"","status":"passed","title":"exibe t├¡tulo \"Pedidos de Passageiros\"","duration":62.346700000000055,"failureMessages":[],"meta":{},"tags":[]},{"ancestorTitles":["P├ígina MyAgreements","Vis├úo de Motorista"],"fullName":"P├ígina MyAgreements Vis├úo de Motorista N├âO renderiza o FAB de \"Pedir Boleia\" para Motoristas","status":"passed","title":"N├âO renderiza o FAB de \"Pedir Boleia\" para Motoristas","duration":56.79020000000037,"failureMessages":[],"meta":{},"tags":[]},{"ancestorTitles":["P├ígina MyAgreements","Vis├úo de Motorista"],"fullName":"P├ígina MyAgreements Vis├úo de Motorista renderiza bot├Áes \"Aceitar\" e \"Rejeitar\" para acordos PENDENTES","status":"passed","title":"renderiza bot├Áes \"Aceitar\" e \"Rejeitar\" para acordos PENDENTES","duration":48.80419999999958,"failureMessages":[],"meta":{},"tags":[]},{"ancestorTitles":["P├ígina MyAgreements","Vis├úo de Motorista"],"fullName":"P├ígina MyAgreements Vis├úo de Motorista N├âO renderiza bot├Áes de a├º├úo para acordos ATIVOS","status":"passed","title":"N├âO renderiza bot├Áes de a├º├úo para acordos ATIVOS","duration":14.802499999999782,"failureMessages":[],"meta":{},"tags":[]},{"ancestorTitles":["P├ígina MyAgreements","Vis├úo de Motorista"],"fullName":"P├ígina MyAgreements Vis├úo de Motorista chama approveAgreement ao clicar em \"Aceitar\"","status":"passed","title":"chama approveAgreement ao clicar em \"Aceitar\"","duration":36.9393,"failureMessages":[],"meta":{},"tags":[]},{"ancestorTitles":["P├ígina MyAgreements","Vis├úo de Motorista"],"fullName":"P├ígina MyAgreements Vis├úo de Motorista chama rejectAgreement ao clicar em \"Rejeitar\"","status":"passed","title":"chama rejectAgreement ao clicar em \"Rejeitar\"","duration":42.84130000000005,"failureMessages":[],"meta":{},"tags":[]},{"ancestorTitles":["P├ígina MyAgreements","Vis├úo de Motorista"],"fullName":"P├ígina MyAgreements Vis├úo de Motorista exibe mensagem de estado vazio quando n├úo h├í pedidos","status":"passed","title":"exibe mensagem de estado vazio quando n├úo h├í pedidos","duration":27.232700000000477,"failureMessages":[],"meta":{},"tags":[]},{"ancestorTitles":["P├ígina MyAgreements","Estilos dos Badges"],"fullName":"P├ígina MyAgreements Estilos dos Badges badge PENDENTE tem classes de cor amber (bg-amber/10)","status":"passed","title":"badge PENDENTE tem classes de cor amber (bg-amber/10)","duration":13.283000000000357,"failureMessages":[],"meta":{},"tags":[]},{"ancestorTitles":["P├ígina MyAgreements","Estilos dos Badges"],"fullName":"P├ígina MyAgreements Estilos dos Badges badge ATIVO tem classes de cor emerald (bg-emerald/10)","status":"passed","title":"badge ATIVO tem classes de cor emerald (bg-emerald/10)","duration":20.88169999999991,"failureMessages":[],"meta":{},"tags":[]},{"ancestorTitles":["MyAgreements - Modal and Context Menu interactions"],"fullName":"MyAgreements - Modal and Context Menu interactions Passenger should see Ver Detalhes and open Modal with dynamic data","status":"failed","title":"Passenger should see Ver Detalhes and open Modal with dynamic data","duration":56.049299999999675,"failureMessages":["TestingLibraryElementError: Unable to find an element with the text: Detalhes do Acordo. This could be because the text is broken up by multiple elements. In this case, you can provide a function for your text matcher to make your matcher more flexible.\n\nIgnored nodes: comments, script, style\n\u001b[36m<body>\u001b[39m\n  \u001b[36m<div>\u001b[39m\n    \u001b[36m<div\u001b[39m\n      \u001b[33mclass\u001b[39m=\u001b[32m\"font-[Plus_Jakarta_Sans,sans-serif] bg-background-light dark:bg-background-dark text-slate-900 dark:text-slate-100 min-h-screen flex flex-col antialiased\"\u001b[39m\n    \u001b[36m>\u001b[39m\n      \u001b[36m<main\u001b[39m\n        \u001b[33mclass\u001b[39m=\u001b[32m\"flex-1 max-w-md mx-auto w-full pb-32\"\u001b[39m\n        \u001b[33mrole\u001b[39m=\u001b[32m\"main\"\u001b[39m\n      \u001b[36m>\u001b[39m\n        \u001b[36m<div\u001b[39m\n          \u001b[33mclass\u001b[39m=\u001b[32m\"px-5 pt-8 pb-6\"\u001b[39m\n        \u001b[36m>\u001b[39m\n          \u001b[36m<h2\u001b[39m\n            \u001b[33mclass\u001b[39m=\u001b[32m\"text-charcoal dark:text-slate-100 text-3xl font-bold tracking-tight\"\u001b[39m\n          \u001b[36m>\u001b[39m\n            \u001b[0mMeus Acordos\u001b[0m\n          \u001b[36m</h2>\u001b[39m\n          \u001b[36m<p\u001b[39m\n            \u001b[33mclass\u001b[39m=\u001b[32m\"text-slate-500 dark:text-slate-400 mt-1\"\u001b[39m\n          \u001b[36m>\u001b[39m\n            \u001b[0mAs tuas boleias do m├¬s\u001b[0m\n          \u001b[36m</p>\u001b[39m\n        \u001b[36m</div>\u001b[39m\n        \u001b[36m<div\u001b[39m\n          \u001b[33mclass\u001b[39m=\u001b[32m\"px-4 space-y-4\"\u001b[39m\n        \u001b[36m>\u001b[39m\n          \u001b[36m<section\u001b[39m\n            \u001b[33maria-label\u001b[39m=\u001b[32m\"Lista de acordos\"\u001b[39m\n            \u001b[33mclass\u001b[39m=\u001b[32m\"space-y-4\"\u001b[39m\n          \u001b[36m>\u001b[39m\n            \u001b[36m<div\u001b[39m\n              \u001b[33mclass\u001b[39m=\u001b[32m\"bg-white dark:bg-slate-800/50 rounded-xl p-4 shadow-sm border border-slate-100 dark:border-slate-700\"\u001b[39m\n              \u001b[33mdata-testid\u001b[39m=\u001b[32m\"agreement-card\"\u001b[39m\n            \u001b[36m>\u001b[39m\n              \u001b[36m<div\u001b[39m\n                \u001b[33mclass\u001b[39m=\u001b[32m\"flex justify-between items-start mb-4\"\u001b[39m\n              \u001b[36m>\u001b[39m\n                \u001b[36m<div\u001b[39m\n                  \u001b[33mclass\u001b[39m=\u001b[32m\"flex items-center gap-3\"\u001b[39m\n                \u001b[36m>\u001b[39m\n                  \u001b[36m<div\u001b[39m\n                    \u001b[33mclass\u001b[39m=\u001b[32m\"w-12 h-12 rounded-full flex items-center justify-center bg-emerald/20 text-emerald\"\u001b[39m\n                  \u001b[36m>\u001b[39m\n                    \u001b[36m<svg\u001b[39m\n                      \u001b[33maria-hidden\u001b[39m=\u001b[32m\"true\"\u001b[39m\n                      \u001b[33mclass\u001b[39m=\u001b[32m\"lucide lucide-user shrink-0\"\u001b[39m\n                      \u001b[33mfill\u001b[39m=\u001b[32m\"none\"\u001b[39m\n                      \u001b[33mheight\u001b[39m=\u001b[32m\"24\"\u001b[39m\n                      \u001b[33mstroke\u001b[39m=\u001b[32m\"currentColor\"\u001b[39m\n                      \u001b[33mstroke-linecap\u001b[39m=\u001b[32m\"round\"\u001b[39m\n                      \u001b[33mstroke-linejoin\u001b[39m=\u001b[32m\"round\"\u001b[39m\n                      \u001b[33mstroke-width\u001b[39m=\u001b[32m\"2\"\u001b[39m\n                      \u001b[33mviewBox\u001b[39m=\u001b[32m\"0 0 24 24\"\u001b[39m\n                      \u001b[33mwidth\u001b[39m=\u001b[32m\"24\"\u001b[39m\n                      \u001b[33mxmlns\u001b[39m=\u001b[32m\"http://www.w3.org/2000/svg\"\u001b[39m\n                    \u001b[36m>\u001b[39m\n                      \u001b[36m<path\u001b[39m\n                        \u001b[33md\u001b[39m=\u001b[32m\"M19 21v-2a4 4 0 0 0-4-4H9a4 4 0 0 0-4 4v2\"\u001b[39m\n                      \u001b[36m/>\u001b[39m\n                      \u001b[36m<circle\u001b[39m\n                        \u001b[33mcx\u001b[39m=\u001b[32m\"12\"\u001b[39m\n                        \u001b[33mcy\u001b[39m=\u001b[32m\"7\"\u001b[39m\n                        \u001b[33mr\u001b[39m=\u001b[32m\"4\"\u001b[39m\n                      \u001b[36m/>\u001b[39m\n                    \u001b[36m</svg>\u001b[39m\n                  \u001b[36m</div>\u001b[39m\n                  \u001b[36m<div>\u001b[39m\n                    \u001b[36m<p\u001b[39m\n                      \u001b[33mclass\u001b[39m=\u001b[32m\"font-bold text-charcoal dark:text-slate-100\"\u001b[39m\n                    \u001b[36m>\u001b[39m\n                      \u001b[0mMotorista Real\u001b[0m\n                    \u001b[36m</p>\u001b[39m\n                    \u001b[36m<span\u001b[39m\n                      \u001b[33mclass\u001b[39m=\u001b[32m\"inline-block px-2 py-0.5 rounded-full text-[10px] font-bold uppercase tracking-wider bg-emerald/10 text-emerald\"\u001b[39m\n                      \u001b[33mdata-testid\u001b[39m=\u001b[32m\"badge-estado\"\u001b[39m\n                    \u001b[36m>\u001b[39m\n                      \u001b[0mativo\u001b[0m\n                    \u001b[36m</span>\u001b[39m\n                  \u001b[36m</div>\u001b[39m\n                \u001b[36m</div>\u001b[39m\n                \u001b[36m<div\u001b[39m\n                  \u001b[33mclass\u001b[39m=\u001b[32m\"relative\"\u001b[39m\n                \u001b[36m>\u001b[39m\n                  \u001b[36m<button\u001b[39m\n                    \u001b[33maria-expanded\u001b[39m=\u001b[32m\"false\"\u001b[39m\n                    \u001b[33maria-label\u001b[39m=\u001b[32m\"Op├º├Áes\"\u001b[39m\n                    \u001b[33mclass\u001b[39m=\u001b[32m\"p-1 rounded-full text-slate-400 hover:text-slate-600 dark:hover:text-slate-200 transition-colors\"\u001b[39m\n                  \u001b[36m>\u001b[39m\n                    \u001b[36m<svg\u001b[39m\n                      \u001b[33maria-hidden\u001b[39m=\u001b[32m\"true\"\u001b[39m\n                      \u001b[33mclass\u001b[39m=\u001b[32m\"lucide lucide-ellipsis-vertical shrink-0\"\u001b[39m\n                      \u001b[33mfill\u001b[39m=\u001b[32m\"none\"\u001b[39m\n                      \u001b[33mheight\u001b[39m=\u001b[32m\"20\"\u001b[39m\n                      \u001b[33mstroke\u001b[39m=\u001b[32m\"currentColor\"\u001b[39m\n                      \u001b[33mstroke-linecap\u001b[39m=\u001b[32m\"round\"\u001b[39m\n                      \u001b[33mstroke-linejoin\u001b[39m=\u001b[32m\"round\"\u001b[39m\n                      \u001b[33mstroke-width\u001b[39m=\u001b[32m\"2\"\u001b[39m\n                      \u001b[33mviewBox\u001b[39m=\u001b[32m\"0 0 24 24\"\u001b[39m\n                      \u001b[33mwidth\u001b[39m=\u001b[32m\"20\"\u001b[39m\n                      \u001b[33mxmlns\u001b[39m=\u001b[32m\"http://www.w3.org/2000/svg\"\u001b[39m\n                    \u001b[36m>\u001b[39m\n                      \u001b[36m<circle\u001b[39m\n                        \u001b[33mcx\u001b[39m=\u001b[32m\"12\"\u001b[39m\n                        \u001b[33mcy\u001b[39m=\u001b[32m\"12\"\u001b[39m\n                        \u001b[33mr\u001b[39m=\u001b[32m\"1\"\u001b[39m\n                      \u001b[36m/>\u001b[39m\n                      \u001b[36m<circle\u001b[39m\n                        \u001b[33mcx\u001b[39m=\u001b[32m\"12\"\u001b[39m\n                        \u001b[33mcy\u001b[39m=\u001b[32m\"5\"\u001b[39m\n                        \u001b[33mr\u001b[39m=\u001b[32m\"1\"\u001b[39m\n                      \u001b[36m/>\u001b[39m\n                      \u001b[36m<circle\u001b[39m\n                        \u001b[33mcx\u001b[39m=\u001b[32m\"12\"\u001b[39m\n                        \u001b[33mcy\u001b[39m=\u001b[32m\"19\"\u001b[39m\n                        \u001b[33mr\u001b[39m=\u001b[32m\"1\"\u001b[39m\n                      \u001b[36m/>\u001b[39m\n                    \u001b[36m</svg>\u001b[39m\n                  \u001b[36m</button>\u001b[39m\n                \u001b[36m</div>\u001b[39m\n              \u001b[36m</div>\u001b[39m\n              \u001b[36m<div\u001b[39m\n                \u001b[33mclass\u001b[39m=\u001b[32m\"space-y-3 mb-4\"\u001b[39m\n              \u001b[36m>\u001b[39m\n                \u001b[36m<div\u001b[39m\n                  \u001b[33mclass\u001b[39m=\u001b[32m\"flex items-center gap-2 text-slate-600 dark:text-slate-300\"\u001b[39m\n                \u001b[36m>\u001b[39m\n                  \u001b[36m<svg\u001b[39m\n                    \u001b[33maria-hidden\u001b[39m=\u001b[32m\"true\"\u001b[39m\n                    \u001b[33mclass\u001b[39m=\u001b[32m\"lucide lucide-route shrink-0 text-primary\"\u001b[39m\n                    \u001b[33mfill\u001b[39m=\u001b[32m\"none\"\u001b[39m\n                    \u001b[33mheight\u001b[39m=\u001b[32m\"18\"\u001b[39m\n                    \u001b[33mstroke\u001b[39m=\u001b[32m\"currentColor\"\u001b[39m\n                    \u001b[33mstroke-linecap\u001b[39m=\u001b[32m\"round\"\u001b[39m\n                    \u001b[33mstroke-linejoin\u001b[39m=\u001b[32m\"round\"\u001b[39m\n                    \u001b[33mstroke-width\u001b[39m=\u001b[32m\"2\"\u001b[39m\n                    \u001b[33mviewBox\u001b[39m=\u001b[32m\"0 0 24 24\"\u001b[39m\n                    \u001b[33mwidth\u001b[39m=\u001b[32m\"18\"\u001b[39m\n                    \u001b[33mxmlns\u001b[39m=\u001b[32m\"http://www.w3.org/2000/svg\"\u001b[39m\n                  \u001b[36m>\u001b[39m\n                    \u001b[36m<circle\u001b[39m\n                      \u001b[33mcx\u001b[39m=\u001b[32m...\n    at Object.getElementError (C:\\boleia-certa\\node_modules\\.pnpm\\@testing-library+dom@10.4.1\\node_modules\\@testing-library\\dom\\dist\\config.js:37:19)\n    at C:\\boleia-certa\\node_modules\\.pnpm\\@testing-library+dom@10.4.1\\node_modules\\@testing-library\\dom\\dist\\query-helpers.js:76:38\n    at C:\\boleia-certa\\node_modules\\.pnpm\\@testing-library+dom@10.4.1\\node_modules\\@testing-library\\dom\\dist\\query-helpers.js:52:17\n    at C:\\boleia-certa\\node_modules\\.pnpm\\@testing-library+dom@10.4.1\\node_modules\\@testing-library\\dom\\dist\\query-helpers.js:95:19\n    at C:/boleia-certa/src/pages/MyAgreements.test.jsx:319:19\n    at file:///C:/boleia-certa/node_modules/.pnpm/@vitest+runner@4.1.1/node_modules/@vitest/runner/dist/chunk-artifact.js:1893:20"],"meta":{},"tags":[]},{"ancestorTitles":["MyAgreements - Modal and Context Menu interactions"],"fullName":"MyAgreements - Modal and Context Menu interactions Driver should see Kebab menu on Active Agreement and open Modal with dynamic data","status":"failed","title":"Driver should see Kebab menu on Active Agreement and open Modal with dynamic data","duration":64.85519999999997,"failureMessages":["TestingLibraryElementError: Unable to find an element with the text: Detalhes do Acordo. This could be because the text is broken up by multiple elements. In this case, you can provide a function for your text matcher to make your matcher more flexible.\n\nIgnored nodes: comments, script, style\n\u001b[36m<body>\u001b[39m\n  \u001b[36m<div>\u001b[39m\n    \u001b[36m<div\u001b[39m\n      \u001b[33mclass\u001b[39m=\u001b[32m\"font-[Plus_Jakarta_Sans,sans-serif] bg-background-light dark:bg-background-dark text-slate-900 dark:text-slate-100 min-h-screen flex flex-col antialiased\"\u001b[39m\n    \u001b[36m>\u001b[39m\n      \u001b[36m<main\u001b[39m\n        \u001b[33mclass\u001b[39m=\u001b[32m\"flex-1 max-w-md mx-auto w-full pb-32\"\u001b[39m\n        \u001b[33mrole\u001b[39m=\u001b[32m\"main\"\u001b[39m\n      \u001b[36m>\u001b[39m\n        \u001b[36m<div\u001b[39m\n          \u001b[33mclass\u001b[39m=\u001b[32m\"px-5 pt-8 pb-6\"\u001b[39m\n        \u001b[36m>\u001b[39m\n          \u001b[36m<h2\u001b[39m\n            \u001b[33mclass\u001b[39m=\u001b[32m\"text-charcoal dark:text-slate-100 text-3xl font-bold tracking-tight\"\u001b[39m\n          \u001b[36m>\u001b[39m\n            \u001b[0mPedidos de Passageiros\u001b[0m\n          \u001b[36m</h2>\u001b[39m\n          \u001b[36m<p\u001b[39m\n            \u001b[33mclass\u001b[39m=\u001b[32m\"text-slate-500 dark:text-slate-400 mt-1\"\u001b[39m\n          \u001b[36m>\u001b[39m\n            \u001b[0mGere os pedidos das tuas rotas\u001b[0m\n          \u001b[36m</p>\u001b[39m\n        \u001b[36m</div>\u001b[39m\n        \u001b[36m<div\u001b[39m\n          \u001b[33mclass\u001b[39m=\u001b[32m\"px-4 space-y-4\"\u001b[39m\n        \u001b[36m>\u001b[39m\n          \u001b[36m<section\u001b[39m\n            \u001b[33maria-label\u001b[39m=\u001b[32m\"Lista de acordos\"\u001b[39m\n            \u001b[33mclass\u001b[39m=\u001b[32m\"space-y-4\"\u001b[39m\n          \u001b[36m>\u001b[39m\n            \u001b[36m<div\u001b[39m\n              \u001b[33mclass\u001b[39m=\u001b[32m\"bg-white dark:bg-slate-800/50 rounded-xl p-4 shadow-sm border border-slate-100 dark:border-slate-700\"\u001b[39m\n              \u001b[33mdata-testid\u001b[39m=\u001b[32m\"agreement-card\"\u001b[39m\n            \u001b[36m>\u001b[39m\n              \u001b[36m<div\u001b[39m\n                \u001b[33mclass\u001b[39m=\u001b[32m\"flex justify-between items-start mb-4\"\u001b[39m\n              \u001b[36m>\u001b[39m\n                \u001b[36m<div\u001b[39m\n                  \u001b[33mclass\u001b[39m=\u001b[32m\"flex items-center gap-3\"\u001b[39m\n                \u001b[36m>\u001b[39m\n                  \u001b[36m<div\u001b[39m\n                    \u001b[33mclass\u001b[39m=\u001b[32m\"w-12 h-12 rounded-full flex items-center justify-center bg-emerald/20 text-emerald\"\u001b[39m\n                  \u001b[36m>\u001b[39m\n                    \u001b[36m<svg\u001b[39m\n                      \u001b[33maria-hidden\u001b[39m=\u001b[32m\"true\"\u001b[39m\n                      \u001b[33mclass\u001b[39m=\u001b[32m\"lucide lucide-user shrink-0\"\u001b[39m\n                      \u001b[33mfill\u001b[39m=\u001b[32m\"none\"\u001b[39m\n                      \u001b[33mheight\u001b[39m=\u001b[32m\"24\"\u001b[39m\n                      \u001b[33mstroke\u001b[39m=\u001b[32m\"currentColor\"\u001b[39m\n                      \u001b[33mstroke-linecap\u001b[39m=\u001b[32m\"round\"\u001b[39m\n                      \u001b[33mstroke-linejoin\u001b[39m=\u001b[32m\"round\"\u001b[39m\n                      \u001b[33mstroke-width\u001b[39m=\u001b[32m\"2\"\u001b[39m\n                      \u001b[33mviewBox\u001b[39m=\u001b[32m\"0 0 24 24\"\u001b[39m\n                      \u001b[33mwidth\u001b[39m=\u001b[32m\"24\"\u001b[39m\n                      \u001b[33mxmlns\u001b[39m=\u001b[32m\"http://www.w3.org/2000/svg\"\u001b[39m\n                    \u001b[36m>\u001b[39m\n                      \u001b[36m<path\u001b[39m\n                        \u001b[33md\u001b[39m=\u001b[32m\"M19 21v-2a4 4 0 0 0-4-4H9a4 4 0 0 0-4 4v2\"\u001b[39m\n                      \u001b[36m/>\u001b[39m\n                      \u001b[36m<circle\u001b[39m\n                        \u001b[33mcx\u001b[39m=\u001b[32m\"12\"\u001b[39m\n                        \u001b[33mcy\u001b[39m=\u001b[32m\"7\"\u001b[39m\n                        \u001b[33mr\u001b[39m=\u001b[32m\"4\"\u001b[39m\n                      \u001b[36m/>\u001b[39m\n                    \u001b[36m</svg>\u001b[39m\n                  \u001b[36m</div>\u001b[39m\n                  \u001b[36m<div>\u001b[39m\n                    \u001b[36m<p\u001b[39m\n                      \u001b[33mclass\u001b[39m=\u001b[32m\"font-bold text-charcoal dark:text-slate-100\"\u001b[39m\n                    \u001b[36m>\u001b[39m\n                      \u001b[0mPassageiro Real\u001b[0m\n                    \u001b[36m</p>\u001b[39m\n                    \u001b[36m<span\u001b[39m\n                      \u001b[33mclass\u001b[39m=\u001b[32m\"inline-block px-2 py-0.5 rounded-full text-[10px] font-bold uppercase tracking-wider bg-emerald/10 text-emerald\"\u001b[39m\n                      \u001b[33mdata-testid\u001b[39m=\u001b[32m\"badge-estado\"\u001b[39m\n                    \u001b[36m>\u001b[39m\n                      \u001b[0mativo\u001b[0m\n                    \u001b[36m</span>\u001b[39m\n                  \u001b[36m</div>\u001b[39m\n                \u001b[36m</div>\u001b[39m\n                \u001b[36m<div\u001b[39m\n                  \u001b[33mclass\u001b[39m=\u001b[32m\"relative\"\u001b[39m\n                \u001b[36m>\u001b[39m\n                  \u001b[36m<button\u001b[39m\n                    \u001b[33maria-expanded\u001b[39m=\u001b[32m\"true\"\u001b[39m\n                    \u001b[33maria-label\u001b[39m=\u001b[32m\"Op├º├Áes\"\u001b[39m\n                    \u001b[33mclass\u001b[39m=\u001b[32m\"p-1 rounded-full text-slate-400 hover:text-slate-600 dark:hover:text-slate-200 transition-colors\"\u001b[39m\n                  \u001b[36m>\u001b[39m\n                    \u001b[36m<svg\u001b[39m\n                      \u001b[33maria-hidden\u001b[39m=\u001b[32m\"true\"\u001b[39m\n                      \u001b[33mclass\u001b[39m=\u001b[32m\"lucide lucide-ellipsis-vertical shrink-0\"\u001b[39m\n                      \u001b[33mfill\u001b[39m=\u001b[32m\"none\"\u001b[39m\n                      \u001b[33mheight\u001b[39m=\u001b[32m\"20\"\u001b[39m\n                      \u001b[33mstroke\u001b[39m=\u001b[32m\"currentColor\"\u001b[39m\n                      \u001b[33mstroke-linecap\u001b[39m=\u001b[32m\"round\"\u001b[39m\n                      \u001b[33mstroke-linejoin\u001b[39m=\u001b[32m\"round\"\u001b[39m\n                      \u001b[33mstroke-width\u001b[39m=\u001b[32m\"2\"\u001b[39m\n                      \u001b[33mviewBox\u001b[39m=\u001b[32m\"0 0 24 24\"\u001b[39m\n                      \u001b[33mwidth\u001b[39m=\u001b[32m\"20\"\u001b[39m\n                      \u001b[33mxmlns\u001b[39m=\u001b[32m\"http://www.w3.org/2000/svg\"\u001b[39m\n                    \u001b[36m>\u001b[39m\n                      \u001b[36m<circle\u001b[39m\n                        \u001b[33mcx\u001b[39m=\u001b[32m\"12\"\u001b[39m\n                        \u001b[33mcy\u001b[39m=\u001b[32m\"12\"\u001b[39m\n                        \u001b[33mr\u001b[39m=\u001b[32m\"1\"\u001b[39m\n                      \u001b[36m/>\u001b[39m\n                      \u001b[36m<circle\u001b[39m\n                        \u001b[33mcx\u001b[39m=\u001b[32m\"12\"\u001b[39m\n                        \u001b[33mcy\u001b[39m=\u001b[32m\"5\"\u001b[39m\n                        \u001b[33mr\u001b[39m=\u001b[32m\"1\"\u001b[39m\n                      \u001b[36m/>\u001b[39m\n                      \u001b[36m<circle\u001b[39m\n                        \u001b[33mcx\u001b[39m=\u001b[32m\"12\"\u001b[39m\n                        \u001b[33mcy\u001b[39m=\u001b[32m\"19\"\u001b[39m\n                        \u001b[33mr\u001b[39m=\u001b[32m\"1\"\u001b[39m\n                      \u001b[36m/>\u001b[39m\n                    \u001b[36m</svg>\u001b[39m\n                  \u001b[36m</button>\u001b[39m\n                  \u001b[36m<div\u001b[39m\n                    \u001b[33mclass\u001b[39m=\u001b[32m\"absolute right-0 mt-2 w-48 bg-white dark:bg-slate-800 rounded-xl shadow-lg border border-slate-100 dark:border-slate-700 z-50 overflow-hidden\"\u001b[39m\n                  \u001b[36m>\u001b[39m\n                    \u001b[36m<ul\u001b[39m\n                      \u001b[33mclass\u001b[39m=\u001b[32m\"py-1\"\u001b[39m\n                    \u001b[36m>\u001b[39m\n                      \u001b[36m<li>\u001b[39m\n                        \u001b[36m<button\u001b[39m\n                          \u001b[33mclass\u001b[39m=\u001b[32m\"w-full flex items-center px-4 py-2.5 text-sm text-slate-700 dark:text-slate-200 hover:bg-slate-50 dark:hover:bg-slate-700/50 transition-colors gap-3\"\u001b[39m\n                        \u001b[36m>\u001b[39m\n                          \u001b[36m<svg\u001b[39m\n                            \u001b[33maria-hidden\u001b[39m=\u001b[32m\"true\"\u001b[39m\n                            \u001b[33mclass\u001b[39m=\u001b[32m\"lucide lucide-flag text-slate-400\"\u001b[39m\n                            \u001b[33mfill\u001b[39m=\u001b[32m\"none\"\u001b[39m\n                            \u001b[33mheight\u001b[39m=\u001b[32m\"16\"\u001b[39m\n                            \u001b[33mstroke\u001b[39m=\u001b[32m\"currentColor\"\u001b[39m\n                            \u001b[33mstroke-linecap\u001b[39m=\u001b[32m\"round\"\u001b[39m...\n    at Object.getElementError (C:\\boleia-certa\\node_modules\\.pnpm\\@testing-library+dom@10.4.1\\node_modules\\@testing-library\\dom\\dist\\config.js:37:19)\n    at C:\\boleia-certa\\node_modules\\.pnpm\\@testing-library+dom@10.4.1\\node_modules\\@testing-library\\dom\\dist\\query-helpers.js:76:38\n    at C:\\boleia-certa\\node_modules\\.pnpm\\@testing-library+dom@10.4.1\\node_modules\\@testing-library\\dom\\dist\\query-helpers.js:52:17\n    at C:\\boleia-certa\\node_modules\\.pnpm\\@testing-library+dom@10.4.1\\node_modules\\@testing-library\\dom\\dist\\query-helpers.js:95:19\n    at C:/boleia-certa/src/pages/MyAgreements.test.jsx:365:19\n    at file:///C:/boleia-certa/node_modules/.pnpm/@vitest+runner@4.1.1/node_modules/@vitest/runner/dist/chunk-artifact.js:1893:20"],"meta":{},"tags":[]}],"startTime":1774783839569,"endTime":1774783840397.8552,"status":"failed","message":"","name":"C:/boleia-certa/src/pages/MyAgreements.test.jsx"},{"assertionResults":[{"ancestorTitles":["PassengerDashboard Component","Contentor do Mapa"],"fullName":"PassengerDashboard Component Contentor do Mapa renderiza um contentor para o mapa com data-testid=\"map-container\"","status":"passed","title":"renderiza um contentor para o mapa com data-testid=\"map-container\"","duration":84.65880000000016,"failureMessages":[],"meta":{},"tags":[]},{"ancestorTitles":["PassengerDashboard Component","Formul├írio de Pesquisa"],"fullName":"PassengerDashboard Component Formul├írio de Pesquisa renderiza um campo de input para \"Ponto de Partida\"","status":"passed","title":"renderiza um campo de input para \"Ponto de Partida\"","duration":16.20580000000018,"failureMessages":[],"meta":{},"tags":[]},{"ancestorTitles":["PassengerDashboard Component","Formul├írio de Pesquisa"],"fullName":"PassengerDashboard Component Formul├írio de Pesquisa renderiza um bot├úo \"Procurar Boleia\"","status":"passed","title":"renderiza um bot├úo \"Procurar Boleia\"","duration":50.421100000000024,"failureMessages":[],"meta":{},"tags":[]},{"ancestorTitles":["PassengerDashboard Component","Lista de Resultados ÔÇö Estado Inicial"],"fullName":"PassengerDashboard Component Lista de Resultados ÔÇö Estado Inicial renderiza um contentor para a lista de rotas","status":"passed","title":"renderiza um contentor para a lista de rotas","duration":18.387700000000223,"failureMessages":[],"meta":{},"tags":[]},{"ancestorTitles":["PassengerDashboard Component","Lista de Resultados ÔÇö Estado Inicial"],"fullName":"PassengerDashboard Component Lista de Resultados ÔÇö Estado Inicial n├úo mostra cart├Áes de rota antes de fazer uma pesquisa","status":"passed","title":"n├úo mostra cart├Áes de rota antes de fazer uma pesquisa","duration":28.270100000000184,"failureMessages":[],"meta":{},"tags":[]},{"ancestorTitles":["PassengerDashboard Component","Integra├º├úo com Supabase ÔÇö Pesquisa de Rotas"],"fullName":"PassengerDashboard Component Integra├º├úo com Supabase ÔÇö Pesquisa de Rotas exibe o valor mensal da rota encontrada no cart├úo (em Kz)","status":"passed","title":"exibe o valor mensal da rota encontrada no cart├úo (em Kz)","duration":141.19970000000012,"failureMessages":[],"meta":{},"tags":[]},{"ancestorTitles":["PassengerDashboard Component","Integra├º├úo com Supabase ÔÇö Pesquisa de Rotas"],"fullName":"PassengerDashboard Component Integra├º├úo com Supabase ÔÇö Pesquisa de Rotas renderiza o bot├úo \"Solicitar Vaga\" no cart├úo da rota","status":"passed","title":"renderiza o bot├úo \"Solicitar Vaga\" no cart├úo da rota","duration":53.52129999999988,"failureMessages":[],"meta":{},"tags":[]},{"ancestorTitles":["PassengerDashboard Component","Processo de Solicitar Vaga"],"fullName":"PassengerDashboard Component Processo de Solicitar Vaga chama supabase.auth.getUser e requestSeat ao clicar em Solicitar Vaga","status":"passed","title":"chama supabase.auth.getUser e requestSeat ao clicar em Solicitar Vaga","duration":148.84940000000006,"failureMessages":[],"meta":{},"tags":[]},{"ancestorTitles":["PassengerDashboard Component","Processo de Solicitar Vaga"],"fullName":"PassengerDashboard Component Processo de Solicitar Vaga muda o estado do bot├úo para \"Vaga j├í solicitada\" ap├│s sucesso e bloqueia clique","status":"passed","title":"muda o estado do bot├úo para \"Vaga j├í solicitada\" ap├│s sucesso e bloqueia clique","duration":93.70799999999963,"failureMessages":[],"meta":{},"tags":[]},{"ancestorTitles":["PassengerDashboard Component","Processo de Solicitar Vaga"],"fullName":"PassengerDashboard Component Processo de Solicitar Vaga Sad Path: exibe mensagem de erro e restaura bot├úo \"Solicitar Vaga\" caso requestSeat falhe","status":"failed","title":"Sad Path: exibe mensagem de erro e restaura bot├úo \"Solicitar Vaga\" caso requestSeat falhe","duration":122.72860000000037,"failureMessages":["TestingLibraryElementError: Unable to find an element with the text: /Ocorreu um erro ao solicitar a sua vaga/i. This could be because the text is broken up by multiple elements. In this case, you can provide a function for your text matcher to make your matcher more flexible.\n\nIgnored nodes: comments, script, style\n\u001b[36m<body>\u001b[39m\n  \u001b[36m<div>\u001b[39m\n    \u001b[36m<div\u001b[39m\n      \u001b[33mclass\u001b[39m=\u001b[32m\"bg-background-light dark:bg-background-dark text-slate-900 dark:text-slate-100 min-h-screen font-['Plus_Jakarta_Sans',_sans-serif] antialiased\"\u001b[39m\n    \u001b[36m>\u001b[39m\n      \u001b[36m<div\u001b[39m\n        \u001b[33mclass\u001b[39m=\u001b[32m\"relative mx-auto w-full min-h-screen flex flex-col pb-24 pointer-events-none\"\u001b[39m\n      \u001b[36m>\u001b[39m\n        \u001b[36m<section\u001b[39m\n          \u001b[33mclass\u001b[39m=\u001b[32m\"relative h-[35vh] w-full flex items-center justify-center overflow-hidden bg-[#e2e8f0] dark:bg-slate-800\"\u001b[39m\n        \u001b[36m>\u001b[39m\n          \u001b[36m<div\u001b[39m\n            \u001b[33mclass\u001b[39m=\u001b[32m\"absolute top-4 right-4 z-10 flex items-center gap-1 bg-white/80 dark:bg-slate-900/80 px-3 py-1.5 rounded-full border border-slate-200 dark:border-slate-700 shadow-sm pointer-events-auto\"\u001b[39m\n          \u001b[36m>\u001b[39m\n            \u001b[36m<span\u001b[39m\n              \u001b[33mclass\u001b[39m=\u001b[32m\"material-symbols-outlined text-primary text-sm\"\u001b[39m\n            \u001b[36m>\u001b[39m\n              \u001b[0mlocation_on\u001b[0m\n            \u001b[36m</span>\u001b[39m\n            \u001b[36m<span\u001b[39m\n              \u001b[33mclass\u001b[39m=\u001b[32m\"text-primary text-xs font-bold uppercase tracking-wider\"\u001b[39m\n            \u001b[36m>\u001b[39m\n              \u001b[0mLuanda, AO\u001b[0m\n            \u001b[36m</span>\u001b[39m\n          \u001b[36m</div>\u001b[39m\n          \u001b[36m<div\u001b[39m\n            \u001b[33mclass\u001b[39m=\u001b[32m\"absolute inset-0 w-full h-full z-0 touch-none pointer-events-auto\"\u001b[39m\n            \u001b[33mdata-testid\u001b[39m=\u001b[32m\"map-container\"\u001b[39m\n          \u001b[36m/>\u001b[39m\n          \u001b[36m<div\u001b[39m\n            \u001b[33mclass\u001b[39m=\u001b[32m\"absolute inset-0 bg-gradient-to-t from-background-light dark:from-background-dark via-transparent to-transparent z-0 pointer-events-none\"\u001b[39m\n          \u001b[36m/>\u001b[39m\n        \u001b[36m</section>\u001b[39m\n        \u001b[36m<section\u001b[39m\n          \u001b[33mclass\u001b[39m=\u001b[32m\"relative px-4 -mt-16 z-20\"\u001b[39m\n        \u001b[36m>\u001b[39m\n          \u001b[36m<div\u001b[39m\n            \u001b[33mclass\u001b[39m=\u001b[32m\"bg-white dark:bg-slate-900 rounded-xl shadow-xl border border-slate-100 dark:border-slate-800 p-5 space-y-4 pointer-events-auto\"\u001b[39m\n          \u001b[36m>\u001b[39m\n            \u001b[36m<form\u001b[39m\n              \u001b[33mclass\u001b[39m=\u001b[32m\"space-y-4\"\u001b[39m\n            \u001b[36m>\u001b[39m\n              \u001b[36m<div\u001b[39m\n                \u001b[33mclass\u001b[39m=\u001b[32m\"space-y-3\"\u001b[39m\n              \u001b[36m>\u001b[39m\n                \u001b[36m<div\u001b[39m\n                  \u001b[33mclass\u001b[39m=\u001b[32m\"relative flex items-center\"\u001b[39m\n                \u001b[36m>\u001b[39m\n                  \u001b[36m<div\u001b[39m\n                    \u001b[33mclass\u001b[39m=\u001b[32m\"absolute left-3 flex flex-col items-center gap-1\"\u001b[39m\n                  \u001b[36m>\u001b[39m\n                    \u001b[36m<span\u001b[39m\n                      \u001b[33mclass\u001b[39m=\u001b[32m\"material-symbols-outlined text-primary text-lg\"\u001b[39m\n                    \u001b[36m>\u001b[39m\n                      \u001b[0mradio_button_checked\u001b[0m\n                    \u001b[36m</span>\u001b[39m\n                    \u001b[36m<div\u001b[39m\n                      \u001b[33mclass\u001b[39m=\u001b[32m\"w-0.5 h-6 bg-slate-200 dark:bg-slate-700\"\u001b[39m\n                    \u001b[36m/>\u001b[39m\n                    \u001b[36m<span\u001b[39m\n                      \u001b[33mclass\u001b[39m=\u001b[32m\"material-symbols-outlined text-slate-400 text-lg\"\u001b[39m\n                    \u001b[36m>\u001b[39m\n                      \u001b[0mlocation_on\u001b[0m\n                    \u001b[36m</span>\u001b[39m\n                  \u001b[36m</div>\u001b[39m\n                  \u001b[36m<div\u001b[39m\n                    \u001b[33mclass\u001b[39m=\u001b[32m\"flex-1 space-y-2 ml-10\"\u001b[39m\n                  \u001b[36m>\u001b[39m\n                    \u001b[36m<div\u001b[39m\n                      \u001b[33mclass\u001b[39m=\u001b[32m\"relative\"\u001b[39m\n                    \u001b[36m>\u001b[39m\n                      \u001b[36m<div\u001b[39m\n                        \u001b[33mclass\u001b[39m=\u001b[32m\"relative w-full\"\u001b[39m\n                      \u001b[36m>\u001b[39m\n                        \u001b[36m<input\u001b[39m\n                          \u001b[33mclass\u001b[39m=\u001b[32m\"w-full bg-slate-50 dark:bg-slate-800 border-none rounded-full py-3 px-4 text-sm font-medium focus:ring-2 focus:ring-primary/20 outline-none text-slate-900 dark:text-white placeholder:text-slate-400\"\u001b[39m\n                          \u001b[33mid\u001b[39m=\u001b[32m\"origem\"\u001b[39m\n                          \u001b[33mname\u001b[39m=\u001b[32m\"origem\"\u001b[39m\n                          \u001b[33mplaceholder\u001b[39m=\u001b[32m\"Ponto de Partida\"\u001b[39m\n                          \u001b[33mtype\u001b[39m=\u001b[32m\"text\"\u001b[39m\n                          \u001b[33mvalue\u001b[39m=\u001b[32m\"\"\u001b[39m\n                        \u001b[36m/>\u001b[39m\n                      \u001b[36m</div>\u001b[39m\n                    \u001b[36m</div>\u001b[39m\n                    \u001b[36m<div\u001b[39m\n                      \u001b[33mclass\u001b[39m=\u001b[32m\"relative\"\u001b[39m\n                    \u001b[36m>\u001b[39m\n                      \u001b[36m<div\u001b[39m\n                        \u001b[33mclass\u001b[39m=\u001b[32m\"relative w-full\"\u001b[39m\n                      \u001b[36m>\u001b[39m\n                        \u001b[36m<input\u001b[39m\n                          \u001b[33mclass\u001b[39m=\u001b[32m\"w-full bg-slate-50 dark:bg-slate-800 border-none rounded-full py-3 px-4 text-sm font-medium focus:ring-2 focus:ring-primary/20 outline-none text-slate-900 dark:text-white placeholder:text-slate-400\"\u001b[39m\n                          \u001b[33mid\u001b[39m=\u001b[32m\"destino\"\u001b[39m\n                          \u001b[33mname\u001b[39m=\u001b[32m\"destino\"\u001b[39m\n                          \u001b[33mplaceholder\u001b[39m=\u001b[32m\"Ponto de Chegada\"\u001b[39m\n                          \u001b[33mtype\u001b[39m=\u001b[32m\"text\"\u001b[39m\n                          \u001b[33mvalue\u001b[39m=\u001b[32m\"\"\u001b[39m\n                        \u001b[36m/>\u001b[39m\n                      \u001b[36m</div>\u001b[39m\n                    \u001b[36m</div>\u001b[39m\n                  \u001b[36m</div>\u001b[39m\n                \u001b[36m</div>\u001b[39m\n              \u001b[36m</div>\u001b[39m\n              \u001b[36m<button\u001b[39m\n                \u001b[33maria-label\u001b[39m=\u001b[32m\"Procurar Boleia\"\u001b[39m\n                \u001b[33mclass\u001b[39m=\u001b[32m\"w-full bg-primary hover:bg-primary/90 text-white font-bold py-4 rounded-xl shadow-lg shadow-primary/20 transition-all flex items-center justify-center gap-2 disabled:opacity-70 disabled:cursor-not-allowed\"\u001b[39m\n                \u001b[33mtype\u001b[39m=\u001b[32m\"submit\"\u001b[39m\n              \u001b[36m>\u001b[39m\n                \u001b[36m<span\u001b[39m\n                  \u001b[33mclass\u001b[39m=\u001b[32m\"material-symbols-outlined\"\u001b[39m\n                \u001b[36m>\u001b[39m\n                  \u001b[0msearch\u001b[0m\n                \u001b[36m</span>\u001b[39m\n                \u001b[0mProcurar Boleia\u001b[0m\n              \u001b[36m</button>\u001b[39m\n            \u001b[36m</form>\u001b[39m\n          \u001b[36m</div>\u001b[39m\n        \u001b[36m</section>\u001b[39m\n        \u001b[36m<section\u001b[39m\n          \u001b[33mclass\u001b[39m=\u001b[32m\"mt-8 px-4 flex-1\"\u001b[39m\n        \u001b[36m>\u001b[39m\n          \u001b[36m<div\u001b[39m\n            \u001b[33mclass\u001b[39m=\u001b[32m\"mb-4 p-4 rounded-xl border bg-red-50 border-red-200 text-red-700 dark:bg-red-900/30 dark:border-red-800 dark:text-red-400 text-sm font-medium shadow-sm transition-all duration-300\"\u001b[39m\n          \u001b[36m>\u001b[39m\n            \u001b[0mOcorreu um erro inesperado. Tente novamente.\u001b[0m\n          \u001b[36m</div>\u001b[39m\n          \u001b[36m<div\u001b[39m\n            \u001b[33mclass\u001b[39m=\u001b[32m\"flex items-center justify-between mb-4\"\u001b[39m\n          \u001b[36m>\u001b[39m\n            \u001b[36m<h3\u001b[39m\n              \u001b[33mclass\u001b[39m=\u001b[32m\"text-slate-900 dark:text-white font-bold text-lg\"\u001b[39m\n            \u001b[36m>\u001b[39m\n              \u001b[0mRotas Dispon├¡veis\u001b[0m\n            \u001b[36m</h3>\u001b[39m\n            \u001b[36m<span\u001b[39m\n              \u001b[33mclass\u001b[39m=\u001b[32m\"text-primary text-xs font-bold bg-primary/10 px-2 py-1 rounded\"\u001b[39m\n            \u001b[36m>\u001b[39m\n              \u001b[0m1\u001b[0m\n              \u001b[0m Encontradas\u001b[0m\n            \u001b[36m</span>\u001b[39m\n          \u001b[36m</div>\u001b[39m\n          \u001b[36m<div\u001b[39m\n            \u001b[33mclass\u001b[39m=\u001b[32m\"space-y-4 pointer-events-auto\"\u001b[39m\n            \u001b[33mdata-testid\u001b[39m=\u001b[32m\"route-results-list\"\u001b[39m\n          \u001b[36m>\u001b[39m\n            \u001b[36m<div\u001b[39m\n              \u001b[33mclass\u001b[39m=\u001b[32m\"bg-white dark:bg-slate-900 rounded-xl border-l-4 border-primary shadow-sm overflow-hidden flex flex-col\"\u001b[39m\n              \u001b[33mdata-testid\u001b[39m=\u001b[32m\"route-card\"\u001b[39m\n            \u001b[36m>\u001b[39m\n              \u001b[36m<div\u001b[39m\n                \u001b[33mclass\u001b[39m=\u001b[32m\"p-4\"\u001b[39m\n              \u001b[36m>\u001b[39m\n                \u001b[36m<div\u001b[39m\n                  \u001b[33mclass\u001b[39m=\u001b[32m\"flex justify-between items-start mb-2\"\u001b[39m\n                \u001b[36m>\u001b[39m\n                  \u001b[36m<div\u001b[39m\n                    \u001b[33mclass\u001b[39m=\u001b[32m\"space-y-1\"\u001b[39m\n                  \u001b[36m>\u001b[39m\n                    \u001b[36m<p\u001b[39m\n                      \u001b[33mclass\u001b[39m=\u001b[32m\"text-sm font-bold text-slate-900 dark:text-white flex items-center gap-2\"\u001b[39m\n                    \u001b[36m>\u001b[39m\n                      \u001b[0mTalatona\u001b[0m\n                      \u001b[0m \u001b[0m\n                      \u001b[36m<span\u001b[39m\n                        \u001b[33mclass\u001b[39m=\u001b[32m\"material-symbols-outlined text-xs text-slate-400\"\u001b[39m\n                      \u001b[36m>\u001b[39m\n                        \u001b[0mtrending_flat\u001b[0m\n                      \u001b[36m</span>\u001b[39m\n                      \u001b[0m \u001b[0m\n                      \u001b[0mMaianga\u001b[0m\n                    \u001b[36m</p>\u001b[39m\n                    \u001b[36m<div\u001b[39m\n                      \u001b[33mclass\u001b[39m=\u001b[32m\"flex items-center gap-2 text-slate-500 dark:text-slate-400\"\u001b[39m\n                    \u001b[36m>\u001b[39m\n                      \u001b[36m<span\u001b[39m\n                        \u001b[33mclass\u001b[39m=\u001b[32m\"material-symbols-outlined text-sm\"\u001b[39m\n                      \u001b[36m>\u001b[39m\n                        \u001b[0mschedule\u001b[0m\n                      \u001b[36m</span>\u001b[39m\n                      \u001b[36m<span\u001b[39m\n                        \u001b[33mclass\u001b[39m=\u001b[32m\"text-xs font-medium\"\u001b[39m\n                      \u001b[36m>\u001b[39m\n                        \u001b[0m07:30\u001b[0m\n                        \u001b[0m - Sa├¡da di├íria\u001b[0m\n                      \u001b[36m</span>\u001b[39m\n                    \u001b[36m</div>\u001b[39m\n                  \u001b[36m</div>\u001b[39m\n                  \u001b[36m<div\u001b[39m\n                    \u001b[33mclass\u001b[39m=\u001b[32m\"text-right\"\u001b[39m\n                  \u001b[36m>\u001b[39m\n                    \u001b[36m<p\u001b[39m\n                      \u001b[33mclass\u001b[39m=\u001b[32m\"text-primary font-bold text-lg leading-tight\"\u001b[39m\n                    \u001b[36m>\u001b[39m\n                      \u001b[0m25┬á000\u001b[0m\n                      \u001b[0m Kz\u001b[0m\n                    \u001b[36m</p>\u001b[39m\n                    \u001b[36m<p\u001b[39m\n                      \u001b[33mclass\u001b[39m=\u001b[32m\"text-[10px] text-slate-400 font-bold uppercase tracking-tighter\"\u001b[39m\n                    \u001b[36m>\u001b[39m\n                      \u001b[0mpor m├¬s\u001b[0m\n                    \u001b[36m</p>\u001b[39m\n                  \u001b[36m</div>\u001b[39m\n                \u001b[36m</div>\u001b[39m\n                \u001b[36m<div\u001b[39m\n                  \u001b[33mclass\u001b[39m=\u001b[32m\"pt-3 border-t border-slate-50 dark:border-slate-800 flex items-center justify-between\"\u001b[39m\n                \u001b[36m>\u001b[39m\n                  \u001b[36m<div\u001b[39m\n                    \u001b[33mclass\u001b[39m=\u001b[32m\"flex items-center gap-2\"\u001b[39m\n                  \u001b[36m>\u001b[39m\n                    \u001b[36m<div\u001b[39m\n                      \u001b[33mclass\u001b[39m=\u001b[32m\"flex items-center gap-2\"\u001b[39m\n                    \u001b[36m>\u001b[39m\n                      \u001b[36m<div\u001b[39m\n                        \u001b[33mclass\u001b[39m=\u001b[32m\"flex -space-x-2\"\u001b[39m\n                      \u001b[36m>\u001b[39m\n                        \u001b[36m<div\u001b[39m\n                          \u001b[33mclass\u001b[39m=\u001b[32m\"w-6 h-6 rounded-full border-2 border-white dark:border-slate-900 bg-slate-200 overflow-hidden flex items-center justify-center\"\u001b[39m\n                        \u001b[36m>\u001b[39m\n                          \u001b[36m<span\u001b[39m\n                            \u001b[33mclass\u001b[39m=\u001b[32m\"material-symbols-outlined text-slate-400 text-sm\"\u001b[39m\n                          \u001b[36m>\u001b[39m\n                            \u001b[0mperson\u001b[0m\n                          \u001b[36m</span>\u001b[39m\n                        \u001b[36m</div>\u001b[39m\n                        \u001b[36m<div\u001b[39m\n                          \u001b[33mclass\u001b[39m=\u001b[32m\"w-6 h-6 rounded-full border-2 border-white dark:border-slate-900 bg-slate-100 flex items-center justify-center\"\u001b[39m\n                        \u001b[36m>\u001b[39m\n                          \u001b[36m<span\u001b[39m\n                            \u001b[33mclass\u001b[39m=\u001b[32m\"text-[8px] font-bold text-slate-400\"\u001b[39m\n                          \u001b[36m>\u001b[39m\n                            \u001b[0m+\u001b[0m\n                            \u001b[0m2\u001b[0m\n                          \u001b[36m</span>\u001b[39m\n                        \u001b[36m</div>\u001b[39m\n                      \u001b[36m</div>\u001b[39m\n                      \u001b[36m<span\u001b[39m\n                        \u001b[33mclass\u001b[39m=\u001b[32m\"text-[10px] font-medium text-slate-500\"\u001b[39m\n                      \u001b[36m>\u001b[39m\n                        \u001b[0mdivis├úo de custos entre passageiros\u001b[0m\n                      \u001b[36m</span>\u001b[39m\n                    \u001b[36m</div>\u001b[39m\n                  \u001b[36m</div>\u001b[39m\n                  \u001b[36m<button\u001b[39m\n                    \u001b[33mclass\u001b[39m=\u001b[32m\"text-xs font-bold flex items-center gap-1 text-primary hover:underline\"\u001b[39m\n                  \u001b[36m>\u001b[39m\n                    \u001b[0mSolicitar Vaga\u001b[0m\n                    \u001b[0m \u001b[0m\n                    \u001b[36m<span\u001b[39m\n                      \u001b[33mclass\u001b[39m=\u001b[32m\"material-symbols-outlined text-sm\"\u001b[39m\n                    \u001b[36m>\u001b[39m\n                      \u001b[0mchevron_right\u001b[0m\n                    \u001b[36m</span>\u001b[39m\n                  \u001b[36m</button>\u001b[39m\n                \u001b[36m</div>\u001b[39m\n              \u001b[36m</div>\u001b[39m\n            \u001b[36m</div>\u001b[39m\n          \u001b[36m</div>\u001b[39m\n        \u001b[36m</section>\u001b[39m\n      \u001b[36m</div>\u001b[39m\n    \u001b[36m</div>\u001b[39m\n  \u001b[36m</div>\u001b[39m\n\u001b[36m</body>\u001b[39m\n    at Object.getElementError (C:\\boleia-certa\\node_modules\\.pnpm\\@testing-library+dom@10.4.1\\node_modules\\@testing-library\\dom\\dist\\config.js:37:19)\n    at C:\\boleia-certa\\node_modules\\.pnpm\\@testing-library+dom@10.4.1\\node_modules\\@testing-library\\dom\\dist\\query-helpers.js:76:38\n    at C:\\boleia-certa\\node_modules\\.pnpm\\@testing-library+dom@10.4.1\\node_modules\\@testing-library\\dom\\dist\\query-helpers.js:52:17\n    at C:\\boleia-certa\\node_modules\\.pnpm\\@testing-library+dom@10.4.1\\node_modules\\@testing-library\\dom\\dist\\query-helpers.js:95:19\n    at C:/boleia-certa/src/pages/PassengerDashboard.test.jsx:277:21\n    at file:///C:/boleia-certa/node_modules/.pnpm/@vitest+runner@4.1.1/node_modules/@vitest/runner/dist/chunk-artifact.js:1893:20"],"meta":{},"tags":[]},{"ancestorTitles":["PassengerDashboard Component","Processo de Solicitar Vaga"],"fullName":"PassengerDashboard Component Processo de Solicitar Vaga Sad Path: exibe mensagem de erro espec├¡fica para restri├º├úo de unicidade","status":"passed","title":"Sad Path: exibe mensagem de erro espec├¡fica para restri├º├úo de unicidade","duration":83.39660000000003,"failureMessages":[],"meta":{},"tags":[]},{"ancestorTitles":["PassengerDashboard Component","Estado Existente"],"fullName":"PassengerDashboard Component Estado Existente renderiza o bot├úo como \"Vaga j├í solicitada\" e desativado se j├í houver um acordo Pendente","status":"passed","title":"renderiza o bot├úo como \"Vaga j├í solicitada\" e desativado se j├í houver um acordo Pendente","duration":45.82729999999992,"failureMessages":[],"meta":{},"tags":[]},{"ancestorTitles":["PassengerDashboard Component","Estado Existente"],"fullName":"PassengerDashboard Component Estado Existente renderiza o bot├úo como \"Boleia Ativa\" e desativado se j├í houver um acordo Ativo","status":"passed","title":"renderiza o bot├úo como \"Boleia Ativa\" e desativado se j├í houver um acordo Ativo","duration":47.91010000000006,"failureMessages":[],"meta":{},"tags":[]},{"ancestorTitles":["PassengerDashboard Component","Estado Existente"],"fullName":"PassengerDashboard Component Estado Existente prioritiza estado \"pendente\" ou \"ativo\" caso existam m├║ltiplos acordos (ex: um cancelado anterior)","status":"passed","title":"prioritiza estado \"pendente\" ou \"ativo\" caso existam m├║ltiplos acordos (ex: um cancelado anterior)","duration":61.12169999999969,"failureMessages":[],"meta":{},"tags":[]}],"startTime":1774783839110,"endTime":1774783840108.1216,"status":"failed","message":"","name":"C:/boleia-certa/src/pages/PassengerDashboard.test.jsx"},{"assertionResults":[{"ancestorTitles":["Profile Component","Renderiza├º├úo Inicial e Visualiza├º├úo (Passageiro)"],"fullName":"Profile Component Renderiza├º├úo Inicial e Visualiza├º├úo (Passageiro) renderiza t├¡tulo do perfil e campos de formul├írio pr├®-preenchidos","status":"passed","title":"renderiza t├¡tulo do perfil e campos de formul├írio pr├®-preenchidos","duration":127.43290000000025,"failureMessages":[],"meta":{},"tags":[]},{"ancestorTitles":["Profile Component","Renderiza├º├úo Inicial e Visualiza├º├úo (Passageiro)"],"fullName":"Profile Component Renderiza├º├úo Inicial e Visualiza├º├úo (Passageiro) renderiza o bot├úo Guardar Altera├º├Áes e N├âO os campos de Ve├¡culo","status":"passed","title":"renderiza o bot├úo Guardar Altera├º├Áes e N├âO os campos de Ve├¡culo","duration":69.26310000000012,"failureMessages":[],"meta":{},"tags":[]},{"ancestorTitles":["Profile Component","Edi├º├úo de Perfil (Motorista)"],"fullName":"Profile Component Edi├º├úo de Perfil (Motorista) mostra os campos de ve├¡culo para o Motorista","status":"passed","title":"mostra os campos de ve├¡culo para o Motorista","duration":37.302599999999984,"failureMessages":[],"meta":{},"tags":[]},{"ancestorTitles":["Profile Component","Edi├º├úo de Perfil (Motorista)"],"fullName":"Profile Component Edi├º├úo de Perfil (Motorista) atualiza o perfil e o ve├¡culo ao submeter formul├írio","status":"passed","title":"atualiza o perfil e o ve├¡culo ao submeter formul├írio","duration":168.83539999999994,"failureMessages":[],"meta":{},"tags":[]}],"startTime":1774783842899,"endTime":1774783843301.8354,"status":"passed","message":"","name":"C:/boleia-certa/src/pages/Profile.test.jsx"},{"assertionResults":[{"ancestorTitles":["PublishRoute Component"],"fullName":"PublishRoute Component renders all form fields correctly","status":"passed","title":"renders all form fields correctly","duration":198.0970000000002,"failureMessages":[],"meta":{},"tags":[]},{"ancestorTitles":["PublishRoute Component"],"fullName":"PublishRoute Component submits form with correct data and shows loading state","status":"passed","title":"submits form with correct data and shows loading state","duration":147.04549999999972,"failureMessages":[],"meta":{},"tags":[]},{"ancestorTitles":["PublishRoute Component"],"fullName":"PublishRoute Component enforces poka-yoke constraints on inputs","status":"passed","title":"enforces poka-yoke constraints on inputs","duration":19.83089999999993,"failureMessages":[],"meta":{},"tags":[]},{"ancestorTitles":["PublishRoute Component"],"fullName":"PublishRoute Component shows error message when database insertion fails","status":"failed","title":"shows error message when database insertion fails","duration":1151.8967000000002,"failureMessages":["Error: Unable to find an element with the text: /Erro ao publicar trajeto. Tente novamente./i. This could be because the text is broken up by multiple elements. In this case, you can provide a function for your text matcher to make your matcher more flexible.\n\nIgnored nodes: comments, script, style\n\u001b[36m<body>\u001b[39m\n  \u001b[36m<div>\u001b[39m\n    \u001b[36m<div\u001b[39m\n      \u001b[33mclass\u001b[39m=\u001b[32m\"relative flex min-h-screen w-full flex-col bg-background-light dark:bg-background-dark font-sans text-slate-900 dark:text-slate-100 overflow-x-hidden antialiased\"\u001b[39m\n    \u001b[36m>\u001b[39m\n      \u001b[36m<div\u001b[39m\n        \u001b[33mclass\u001b[39m=\u001b[32m\"flex flex-col gap-6 p-4 pt-6 pb-32 max-w-[480px] mx-auto w-full\"\u001b[39m\n      \u001b[36m>\u001b[39m\n        \u001b[36m<div\u001b[39m\n          \u001b[33mclass\u001b[39m=\u001b[32m\"flex items-center gap-3\"\u001b[39m\n        \u001b[36m>\u001b[39m\n          \u001b[36m<button\u001b[39m\n            \u001b[33maria-label\u001b[39m=\u001b[32m\"Voltar\"\u001b[39m\n            \u001b[33mclass\u001b[39m=\u001b[32m\"w-10 h-10 flex items-center justify-center rounded-full hover:bg-slate-100 dark:hover:bg-slate-800 transition-colors bg-white shadow-sm border border-slate-200 dark:bg-slate-900 dark:border-slate-800\"\u00
[...]
b[39m\n                      \u001b[0mlocation_on\u001b[0m\n                    \u001b[36m</span>\u001b[39m\n                    \u001b[36m<input\u001b[39m\n                      \u001b[33mclass\u001b[39m=\u001b[32m\"form-input w-full pl-12 pr-4 h-14 bg-white dark:bg-slate-800 border-slate-200 dark:border-slate-700 rounded-xl focus:border-primary focus:ring-primary/20 transition-all placeholder:text-slate-400 outline-none\"\u001b[39m\n                      \u001b[33mid\u001b[39m=\u001b[32m\"origin_name\"\u001b[39m\n                      \u001b[33mname\u001b[39m=\u001b[32m\"origin_name\"\u001b[39m\n                      \u001b[33mplaceholder\u001b[39m=\u001b[32m\"Ex: Viana, Luanda\"\u001b[39m\n                      \u001b[33mrequired\u001b[39m=\u001b[32m\"\"\u001b[39m\n                      \u001b[33mtype\u001b[39m=\u001b[32m\"text\"\u001b[39m\n                      \u001b[33mvalue\u001b[39m=\u001b[32m\"Luanda\"\u001b[39m\n                    \u001b[36m/>\u001b[39m\n                  \u001b[36m</div>\u001b[39m\n                \u001b[36m</label>\u001b[39m\n                \u001b[36m<div\u001b[39m\n                  \u001b[33mclass\u001b[39m=\u001b[32m\"absolute top-full left-0 right-0 z-50 mt-2 bg-white dark:bg-slate-800 border border-slate-200 dark:border-slate-700 rounded-xl shadow-lg overflow-hidden p-4\"\u001b[39m\n                \u001b[36m>\u001b[39m\n                  \u001b[36m<p\u001b[39m\n                    \u001b[33mclass\u001b[39m=\u001b[32m\"text-sm text-red-500 text-center\"\u001b[39m\n                  \u001b[36m>\u001b[39m\n                    \u001b[0m[vitest] No \"loadGoogleMapsScript\" export is defined on the \"../services/GoogleMapsService\" mock. Did you forget to return it from \"vi.mock\"?\nIf you need to partially mock a module, you can use \"importOriginal\" helper inside:\n\u001b[0m\n                  \u001b[36m</p>\u001b[39m\n                \u001b[36m</div>\u001b[39m\n              \u001b[36m</div>\u001b[39m\n              \u001b[36m<div\u001b[39m\n                \u001b[33mclass\u001b[39m=\u001b[32m\"flex flex-col w-full relative\"\u001b[39m\n              \u001b[36m>\u001b[39m\n                \u001b[36m<label\u001b[39m\n                  \u001b[33mclass\u001b[39m=\u001b[32m\"flex flex-col w-full\"\u001b[39m\n                  \u001b[33mfor\u001b[39m=\u001b[32m\"destination_name\"\u001b[39m\n                \u001b[36m>\u001b[39m\n                  \u001b[36m<span\u001b[39m\n                    \u001b[33mclass\u001b[39m=\u001b[32m\"text-near-black dark:text-slate-200 text-sm font-semibold mb-2 ml-1\"\u001b[39m\n                  \u001b[36m>\u001b[39m\n                    \u001b[0mLocal de Chegada\u001b[0m\n                  \u001b[36m</span>\u001b[39m\n                  \u001b[36m<div\u001b[39m\n                    \u001b[33mclass\u001b[39m=\u001b[32m\"relative flex items-center\"\u001b[39m\n                  \u001b[36m>\u001b[39m\n                    \u001b[36m<span\u001b[39m\n                      \u001b[33maria-hidden\u001b[39m=\u001b[32m\"true\"\u001b[39m\n                      \u001b[33mclass\u001b[39m=\u001b[32m\"material-symbols-outlined absolute left-4 text-primary\"\u001b[39m\n                    \u001b[36m>\u001b[39m\n                      \u001b[0mflag\u001b[0m\n                    \u001b[36m</span>\u001b[39m\n                    \u001b[36m<input\u001b[39m\n                      \u001b[33mclass\u001b[39m=\u001b[32m\"form-input w-full pl-12 pr-4 h-14 bg-white dark:bg-slate-800 border-slate-200 dark:border-slate-700 rounded-xl focus:border-primary focus:ring-primary/20 transition-all placeholder:text-slate-400 outline-none\"\u001b[39m\n                      \u001b[33mid\u001b[39m=\u001b[32m\"destination_name\"\u001b[39m\n                      \u001b[33mname\u001b[39m=\u001b[32m\"destination_name\"\u001b[39m\n                      \u001b[33mplaceholder\u001b[39m=\u001b[32m\"Ex: Talatona, Luanda\"\u001b[39m\n                      \u001b[33mrequired\u001b[39m=\u001b[32m\"\"\u001b[39m\n                      \u001b[33mtype\u001b[39m=\u001b[32m\"text\"\u001b[39m\n                      \u001b[33mvalue\u001b[39m=\u001b[32m\"Talatona\"\u001b[39m\n                    \u001b[36m/>\u001b[39m\n                  \u001b[36m</div>\u001b[39m\n                \u001b[36m</label>\u001b[39m\n                \u001b[36m<div\u001b[39m\n                  \u001b[33mclass\u001b[39m=\u001b[32m\"absolute top-full left-0 right-0 z-50 mt-2 bg-white dark:bg-slate-800 border border-slate-200 dark:border-slate-700 rounded-xl shadow-lg overflow-hidden p-4\"\u001b[39m\n                \u001b[36m>\u001b[39m\n                  \u001b[36m<p\u001b[39m\n                    \u001b[33mclass\u001b[39m=\u001b[32m\"text-sm text-red-500 text-center\"\u001b[39m\n                  \u001b[36m>\u001b[39m\n                    \u001b[0m[vitest] No \"loadGoogleMapsScript\" export is defined on the \"../services/GoogleMapsService\" mock. Did you forget to return it from \"...\n    at Proxy.waitForWrapper (C:\\boleia-certa\\node_modules\\.pnpm\\@testing-library+dom@10.4.1\\node_modules\\@testing-library\\dom\\dist\\wait-for.js:163:27)\n    at C:/boleia-certa/src/pages/PublishRoute.test.jsx:139:11\n    at file:///C:/boleia-certa/node_modules/.pnpm/@vitest+runner@4.1.1/node_modules/@vitest/runner/dist/chunk-artifact.js:1893:20"],"meta":{},"tags":[]},{"ancestorTitles":["PublishRoute Component"],"fullName":"PublishRoute Component shows error message when user is not authenticated","status":"passed","title":"shows error message when user is not authenticated","duration":111.98009999999977,"failureMessages":[],"meta":{},"tags":[]}],"startTime":1774783839111,"endTime":1774783840739.98,"status":"failed","message":"","name":"C:/boleia-certa/src/pages/PublishRoute.test.jsx"},{"assertionResults":[{"ancestorTitles":["VehicleSetup Component","Formul├írio de Ve├¡culo"],"fullName":"VehicleSetup Component Formul├írio de Ve├¡culo renderiza um campo \"Marca/Modelo\"","status":"passed","title":"renderiza um campo \"Marca/Modelo\"","duration":64.14599999999973,"failureMessages":[],"meta":{},"tags":[]},{"ancestorTitles":["VehicleSetup Component","Formul├írio de Ve├¡culo"],"fullName":"VehicleSetup Component Formul├írio de Ve├¡culo renderiza um campo \"Matr├¡cula\"","status":"passed","title":"renderiza um campo \"Matr├¡cula\"","duration":11.764799999999923,"failureMessages":[],"meta":{},"tags":[]},{"ancestorTitles":["VehicleSetup Component","Formul├írio de Ve├¡culo"],"fullName":"VehicleSetup Component Formul├írio de Ve├¡culo renderiza um campo \"Lugares Dispon├¡veis\"","status":"passed","title":"renderiza um campo \"Lugares Dispon├¡veis\"","duration":16.036099999999806,"failureMessages":[],"meta":{},"tags":[]},{"ancestorTitles":["VehicleSetup Component","Formul├írio de Ve├¡culo"],"fullName":"VehicleSetup Component Formul├írio de Ve├¡culo renderiza um bot├úo para guardar o ve├¡culo","status":"passed","title":"renderiza um bot├úo para guardar o ve├¡culo","duration":30.708999999999833,"failureMessages":[],"meta":{},"tags":[]}],"startTime":1774783846489,"endTime":1774783846612.709,"status":"passed","message":"","name":"C:/boleia-certa/src/pages/VehicleSetup.test.jsx"},{"assertionResults":[{"ancestorTitles":["Mental E2E - Agreement Lifecycle"],"fullName":"Mental E2E - Agreement Lifecycle completes the full lifecycle of an agreement","status":"passed","title":"completes the full lifecycle of an agreement","duration":11.25709999999981,"failureMessages":[],"meta":{},"tags":[]}],"startTime":1774783848970,"endTime":1774783848981.257,"status":"passed","message":"","name":"C:/boleia-certa/src/services/AgreementLifecycle.test.js"},{"assertionResults":[{"ancestorTitles":["AgreementsService"],"fullName":"AgreementsService requestSeat insere um registo na tabela acordos com o estado Pendente","status":"passed","title":"requestSeat insere um registo na tabela acordos com o estado Pendente","duration":6.583700000000135,"failureMessages":[],"meta":{},"tags":[]},{"ancestorTitles":["AgreementsService"],"fullName":"AgreementsService approveAgreement altera o estado do acordo para Ativo e chama a RPC decrement_available_seats","status":"passed","title":"approveAgreement altera o estado do acordo para Ativo e chama a RPC decrement_available_seats","duration":2.508100000000013,"failureMessages":[],"meta":{},"tags":[]},{"ancestorTitles":["AgreementsService"],"fullName":"AgreementsService rejectAgreement altera o estado para Cancelado","status":"passed","title":"rejectAgreement altera o estado para Cancelado","duration":1.5114000000003216,"failureMessages":[],"meta":{},"tags":[]},{"ancestorTitles":["AgreementsService"],"fullName":"AgreementsService cancelAgreement altera o estado do acordo para Cancelado e chama a RPC increment_available_seats","status":"passed","title":"cancelAgreement altera o estado do acordo para Cancelado e chama a RPC increment_available_seats","duration":1.3090000000001965,"failureMessages":[],"meta":{},"tags":[]},{"ancestorTitles":["AgreementsService"],"fullName":"AgreementsService hideAgreement updates is_hidden_by_user to true","status":"passed","title":"hideAgreement updates is_hidden_by_user to true","duration":0.9742000000001099,"failureMessages":[],"meta":{},"tags":[]}],"startTime":1774783848369,"endTime":1774783848382.974,"status":"passed","message":"","name":"C:/boleia-certa/src/services/AgreementsService.test.js"},{"assertionResults":[{"ancestorTitles":["GoogleMapsService","getPlacePredictions"],"fullName":"GoogleMapsService getPlacePredictions returns empty array if input is empty","status":"passed","title":"returns empty array if input is empty","duration":6.66190000000006,"failureMessages":[],"meta":{},"tags":[]},{"ancestorTitles":["GoogleMapsService","getPlacePredictions"],"fullName":"GoogleMapsService getPlacePredictions throws error if API key is not configured","status":"passed","title":"throws error if API key is not configured","duration":3.5925999999999476,"failureMessages":[],"meta":{},"tags":[]},{"ancestorTitles":["GoogleMapsService","getPlacePredictions"],"fullName":"GoogleMapsService getPlacePredictions returns predictions on success","status":"passed","title":"returns predictions on success","duration":4.006600000000162,"failureMessages":[],"meta":{},"tags":[]},{"ancestorTitles":["GoogleMapsService","getPlacePredictions"],"fullName":"GoogleMapsService getPlacePredictions returns empty array if no suggestions","status":"passed","title":"returns empty array if no suggestions","duration":1.065099999999802,"failureMessages":[],"meta":{},"tags":[]},{"ancestorTitles":["GoogleMapsService","getPlacePredictions"],"fullName":"GoogleMapsService getPlacePredictions throws error on API error","status":"passed","title":"throws error on API error","duration":1.1892000000002554,"failureMessages":[],"meta":{},"tags":[]},{"ancestorTitles":["GoogleMapsService","getPlaceDetails"],"fullName":"GoogleMapsService getPlaceDetails returns null if placeId is empty","status":"passed","title":"returns null if placeId is empty","duration":0.7678000000000793,"failureMessages":[],"meta":{},"tags":[]},{"ancestorTitles":["GoogleMapsService","getPlaceDetails"],"fullName":"GoogleMapsService getPlaceDetails throws error if API key is not configured","status":"passed","title":"throws error if API key is not configured","duration":0.8872000000001208,"failureMessages":[],"meta":{},"tags":[]},{"ancestorTitles":["GoogleMapsService","getPlaceDetails"],"fullName":"GoogleMapsService getPlaceDetails returns coordinates on success","status":"passed","title":"returns coordinates on success","duration":1.6320000000000618,"failureMessages":[],"meta":{},"tags":[]},{"ancestorTitles":["GoogleMapsService","getPlaceDetails"],"fullName":"GoogleMapsService getPlaceDetails throws error if geometry is missing","status":"passed","title":"throws error if geometry is missing","duration":1.8937999999998283,"failureMessages":[],"meta":{},"tags":[]},{"ancestorTitles":["GoogleMapsService","getPlaceDetails"],"fullName":"GoogleMapsService getPlaceDetails throws error on API error status","status":"passed","title":"throws error on API error status","duration":1.254699999999957,"failureMessages":[],"meta":{},"tags":[]}],"startTime":1774783847285,"endTime":1774783847309.2546,"status":"passed","message":"","name":"C:/boleia-certa/src/services/GoogleMapsService.test.js"},{"assertionResults":[{"ancestorTitles":["ProfileService"],"fullName":"ProfileService getProfile deve chamar o supabase e retornar dados","status":"passed","title":"getProfile deve chamar o supabase e retornar dados","duration":5.6698999999998705,"failureMessages":[],"meta":{},"tags":[]},{"ancestorTitles":["ProfileService"],"fullName":"ProfileService updateProfile deve atualizar dados","status":"passed","title":"updateProfile deve atualizar dados","duration":2.0713000000000648,"failureMessages":[],"meta":{},"tags":[]}],"startTime":1774783849054,"endTime":1774783849062.0713,"status":"passed","message":"","name":"C:/boleia-certa/src/services/ProfileService.test.js"},{"assertionResults":[{"ancestorTitles":["getFriendlyErrorMessage"],"fullName":"getFriendlyErrorMessage Cen├írio 1: Deve retornar mensagem de permiss├úo para erros de RLS","status":"passed","title":"Cen├írio 1: Deve retornar mensagem de permiss├úo para erros de RLS","duration":1.5203000000001339,"failureMessages":[],"meta":{},"tags":[]},{"ancestorTitles":["getFriendlyErrorMessage"],"fullName":"getFriendlyErrorMessage Cen├írio 2: Deve retornar mensagem de erro de login","status":"passed","title":"Cen├írio 2: Deve retornar mensagem de erro de login","duration":0.27569999999991524,"failureMessages":[],"meta":{},"tags":[]},{"ancestorTitles":["getFriendlyErrorMessage"],"fullName":"getFriendlyErrorMessage Cen├írio 3: Deve retornar alerta de email j├í registado","status":"passed","title":"Cen├írio 3: Deve retornar alerta de email j├í registado","duration":0.13909999999987122,"failureMessages":[],"meta":{},"tags":[]},{"ancestorTitles":["getFriendlyErrorMessage"],"fullName":"getFriendlyErrorMessage Cen├írio 4: Deve avisar sobre falha na rede (Failed to fetch)","status":"passed","title":"Cen├írio 4: Deve avisar sobre falha na rede (Failed to fetch)","duration":0.16830000000004475,"failureMessages":[],"meta":{},"tags":[]},{"ancestorTitles":["getFriendlyErrorMessage"],"fullName":"getFriendlyErrorMessage Cen├írio 5: Deve retornar mensagem gen├®rica para erros desconhecidos ou indefinidos","status":"passed","title":"Cen├írio 5: Deve retornar mensagem gen├®rica para erros desconhecidos ou indefinidos","duration":0.23309999999992215,"failureMessages":[],"meta":{},"tags":[]}],"startTime":1774783849458,"endTime":1774783849461.2332,"status":"passed","message":"","name":"C:/boleia-certa/src/utils/errorHandler.test.js"},{"assertionResults":[{"ancestorTitles":["Formatters Utilities","formatDate"],"fullName":"Formatters Utilities formatDate formata uma data v├ílida corretamente no padr├úo \"dd de Mes\"","status":"passed","title":"formata uma data v├ílida corretamente no padr├úo \"dd de Mes\"","duration":3.811399999999594,"failureMessages":[],"meta":{},"tags":[]},{"ancestorTitles":["Formatters Utilities","formatDate"],"fullName":"Formatters Utilities formatDate retorna string vazia para entrada vazia ou nula","status":"passed","title":"retorna string vazia para entrada vazia ou nula","duration":0.43249999999989086,"failureMessages":[],"meta":{},"tags":[]},{"ancestorTitles":["Formatters Utilities","formatDate"],"fullName":"Formatters Utilities formatDate retorna a pr├│pria string se a data for inv├ílida","status":"passed","title":"retorna a pr├│pria string se a data for inv├ílida","duration":0.2367999999996755,"failureMessages":[],"meta":{},"tags":[]},{"ancestorTitles":["Formatters Utilities","formatDate"],"fullName":"Formatters Utilities formatDate mapeia todos os meses corretamente","status":"passed","title":"mapeia todos os meses corretamente","duration":1.1257000000000517,"failureMessages":[],"meta":{},"tags":[]},{"ancestorTitles":["Formatters Utilities","formatCurrency"],"fullName":"Formatters Utilities formatCurrency adiciona pontos como separadores de milhar","status":"passed","title":"adiciona pontos como separadores de milhar","duration":0.6314000000002125,"failureMessages":[],"meta":{},"tags":[]},{"ancestorTitles":["Formatters Utilities","formatCurrency"],"fullName":"Formatters Utilities formatCurrency mant├®m n├║meros pequenos sem altera├º├úo","status":"passed","title":"mant├®m n├║meros pequenos sem altera├º├úo","duration":0.25700000000006185,"failureMessages":[],"meta":{},"tags":[]},{"ancestorTitles":["Formatters Utilities","formatCurrency"],"fullName":"Formatters Utilities formatCurrency lida com strings num├®ricas","status":"passed","title":"lida com strings num├®ricas","duration":0.13079999999990832,"failureMessages":[],"meta":{},"tags":[]}],"startTime":1774783849003,"endTime":1774783849010.257,"status":"passed","message":"","name":"C:/boleia-certa/src/utils/formatters.test.js"},{"assertionResults":[{"ancestorTitles":["notificationRouter","resolveNotificationRoute"],"fullName":"notificationRouter resolveNotificationRoute deve usar o strategy de metadata se type estiver presente e validado","status":"passed","title":"deve usar o strategy de metadata se type estiver presente e validado","duration":1.876100000000406,"failureMessages":[],"meta":{},"tags":[]},{"ancestorTitles":["notificationRouter","resolveNotificationRoute"],"fullName":"notificationRouter resolveNotificationRoute deve cair no fallback do strategy de metadata se faltar parametros esperados pelo strategy","status":"passed","title":"deve cair no fallback do strategy de metadata se faltar parametros esperados pelo strategy","duration":0.2001999999997679,"failureMessages":[],"meta":{},"tags":[]},{"ancestorTitles":["notificationRouter","resolveNotificationRoute"],"fullName":"notificationRouter resolveNotificationRoute deve usar notif.link como primeiro fallback se strategy falhar (nao achar o tipo)","status":"passed","title":"deve usar notif.link como primeiro fallback se strategy falhar (nao achar o tipo)","duration":0.13499999999976353,"failureMessages":[],"meta":{},"tags":[]},{"ancestorTitles":["notificationRouter","resolveNotificationRoute"],"fullName":"notificationRouter resolveNotificationRoute deve ignorar notif.link se for /dashboard ou / e deduzir pela mensagem","status":"passed","title":"deve ignorar notif.link se for /dashboard ou / e deduzir pela mensagem","duration":0.24240000000008877,"failureMessages":[],"meta":{},"tags":[]},{"ancestorTitles":["notificationRouter","resolveNotificationRoute"],"fullName":"notificationRouter resolveNotificationRoute deve deduzir a rota baseada na mensagem: motorista","status":"passed","title":"deve deduzir a rota baseada na mensagem: motorista","duration":0.19410000000016225,"failureMessages":[],"meta":{},"tags":[]},{"ancestorTitles":["notificationRouter","resolveNotificationRoute"],"fullName":"notificationRouter resolveNotificationRoute deve deduzir a rota baseada na mensagem: passageiro","status":"passed","title":"deve deduzir a rota baseada na mensagem: passageiro","duration":0.1392000000000735,"failureMessages":[],"meta":{},"tags":[]},{"ancestorTitles":["notificationRouter","resolveNotificationRoute"],"fullName":"notificationRouter resolveNotificationRoute deve deduzir a rota baseada na mensagem: rota/viagem","status":"passed","title":"deve deduzir a rota baseada na mensagem: rota/viagem","duration":0.14370000000008076,"failureMessages":[],"meta":{},"tags":[]},{"ancestorTitles":["notificationRouter","resolveNotificationRoute"],"fullName":"notificationRouter resolveNotificationRoute deve cair no fallback padrao /my-agreements se nenhuma condicao for atingida","status":"passed","title":"deve cair no fallback padrao /my-agreements se nenhuma condicao for atingida","duration":0.16740000000027067,"failureMessages":[],"meta":{},"tags":[]}],"startTime":1774783849304,"endTime":1774783849307.194,"status":"passed","message":"","name":"C:/boleia-certa/src/utils/notificationRouter.test.js"}]}
